Thu Dec 08 2016 22:57:39 GMT+0000 (GMT) Bound to 8888
Thu Dec 08 2016 22:57:39 GMT+0000 (GMT) GET/language/d02e2092-0fb5-4d26-98a0-bfe879d379f8
Thu Dec 08 2016 22:57:39 GMT+0000 (GMT) AuthenticationError
undefined
Thu Dec 08 2016 22:57:39 GMT+0000 (GMT) GET/language/d02e2092-0fb5-4d26-98a0-bfe879d379f8
Thu Dec 08 2016 22:57:39 GMT+0000 (GMT) AuthenticationError
undefined
Thu Dec 08 2016 22:57:40 GMT+0000 (GMT) GET/user/a0ebf328-0c73-4f22-8930-e013c17d3c2a
Thu Dec 08 2016 22:57:40 GMT+0000 (GMT) GET/user/d0bc1cb3-87c2-4d9c-9dde-6a02b40e1ebe
Thu Dec 08 2016 22:57:40 GMT+0000 (GMT) GET/user
Thu Dec 08 2016 23:07:36 GMT+0000 (GMT) Bound to 8888
Thu Dec 08 2016 23:07:37 GMT+0000 (GMT) GET/language/d02e2092-0fb5-4d26-98a0-bfe879d379f8
Thu Dec 08 2016 23:07:37 GMT+0000 (GMT) AuthenticationError
undefined
Thu Dec 08 2016 23:07:37 GMT+0000 (GMT) GET/language/d02e2092-0fb5-4d26-98a0-bfe879d379f8
Thu Dec 08 2016 23:07:37 GMT+0000 (GMT) AuthenticationError
undefined
Thu Dec 08 2016 23:07:38 GMT+0000 (GMT) GET/user/a0ebf328-0c73-4f22-8930-e013c17d3c2a
Thu Dec 08 2016 23:07:38 GMT+0000 (GMT) GET/user/d0bc1cb3-87c2-4d9c-9dde-6a02b40e1ebe
Thu Dec 08 2016 23:07:38 GMT+0000 (GMT) GET/user
Thu Dec 08 2016 23:08:36 GMT+0000 (GMT) Bound to 8888
Thu Dec 08 2016 23:08:37 GMT+0000 (GMT) GET/language/d02e2092-0fb5-4d26-98a0-bfe879d379f8
Thu Dec 08 2016 23:08:37 GMT+0000 (GMT) AuthenticationError
undefined
Thu Dec 08 2016 23:08:37 GMT+0000 (GMT) GET/language/d02e2092-0fb5-4d26-98a0-bfe879d379f8
Thu Dec 08 2016 23:08:37 GMT+0000 (GMT) AuthenticationError
undefined
Thu Dec 08 2016 23:08:37 GMT+0000 (GMT) GET/user/a0ebf328-0c73-4f22-8930-e013c17d3c2a
Thu Dec 08 2016 23:08:37 GMT+0000 (GMT) GET/user/d0bc1cb3-87c2-4d9c-9dde-6a02b40e1ebe
Thu Dec 08 2016 23:08:37 GMT+0000 (GMT) GET/user
Thu Dec 08 2016 23:10:23 GMT+0000 (GMT) Bound to 8888
Thu Dec 08 2016 23:10:23 GMT+0000 (GMT) GET/language/d02e2092-0fb5-4d26-98a0-bfe879d379f8
Thu Dec 08 2016 23:10:23 GMT+0000 (GMT) AuthenticationError
undefined
Thu Dec 08 2016 23:10:23 GMT+0000 (GMT) GET/language/d02e2092-0fb5-4d26-98a0-bfe879d379f8
Thu Dec 08 2016 23:10:23 GMT+0000 (GMT) AuthenticationError
undefined
Thu Dec 08 2016 23:10:24 GMT+0000 (GMT) GET/user/a0ebf328-0c73-4f22-8930-e013c17d3c2a
Thu Dec 08 2016 23:10:24 GMT+0000 (GMT) GET/user/d0bc1cb3-87c2-4d9c-9dde-6a02b40e1ebe
Thu Dec 08 2016 23:10:24 GMT+0000 (GMT) GET/user
Thu Dec 08 2016 23:10:41 GMT+0000 (GMT) Bound to 8888
Thu Dec 08 2016 23:10:42 GMT+0000 (GMT) GET/language/d02e2092-0fb5-4d26-98a0-bfe879d379f8
Thu Dec 08 2016 23:10:42 GMT+0000 (GMT) AuthenticationError
undefined
Thu Dec 08 2016 23:10:42 GMT+0000 (GMT) GET/language/d02e2092-0fb5-4d26-98a0-bfe879d379f8
Thu Dec 08 2016 23:10:42 GMT+0000 (GMT) AuthenticationError
undefined
Thu Dec 08 2016 23:10:43 GMT+0000 (GMT) GET/user/a0ebf328-0c73-4f22-8930-e013c17d3c2a
Thu Dec 08 2016 23:10:43 GMT+0000 (GMT) GET/user/d0bc1cb3-87c2-4d9c-9dde-6a02b40e1ebe
Thu Dec 08 2016 23:10:43 GMT+0000 (GMT) GET/user
Thu Dec 08 2016 23:11:53 GMT+0000 (GMT) Bound to 8888
Thu Dec 08 2016 23:11:53 GMT+0000 (GMT) GET/language/d02e2092-0fb5-4d26-98a0-bfe879d379f8
Thu Dec 08 2016 23:11:53 GMT+0000 (GMT) AuthenticationError
undefined
Thu Dec 08 2016 23:11:53 GMT+0000 (GMT) GET/language/d02e2092-0fb5-4d26-98a0-bfe879d379f8
Thu Dec 08 2016 23:11:53 GMT+0000 (GMT) AuthenticationError
undefined
Thu Dec 08 2016 23:11:54 GMT+0000 (GMT) GET/user/a0ebf328-0c73-4f22-8930-e013c17d3c2a
Thu Dec 08 2016 23:11:54 GMT+0000 (GMT) GET/user/d0bc1cb3-87c2-4d9c-9dde-6a02b40e1ebe
Thu Dec 08 2016 23:11:54 GMT+0000 (GMT) GET/user
Thu Dec 08 2016 23:12:22 GMT+0000 (GMT) Bound to 8888
Thu Dec 08 2016 23:12:23 GMT+0000 (GMT) GET/language/d02e2092-0fb5-4d26-98a0-bfe879d379f8
Thu Dec 08 2016 23:12:23 GMT+0000 (GMT) AuthenticationError
undefined
Thu Dec 08 2016 23:12:23 GMT+0000 (GMT) GET/language/d02e2092-0fb5-4d26-98a0-bfe879d379f8
Thu Dec 08 2016 23:12:23 GMT+0000 (GMT) AuthenticationError
undefined
Thu Dec 08 2016 23:12:24 GMT+0000 (GMT) GET/user/a0ebf328-0c73-4f22-8930-e013c17d3c2a
Thu Dec 08 2016 23:12:24 GMT+0000 (GMT) GET/user/d0bc1cb3-87c2-4d9c-9dde-6a02b40e1ebe
Thu Dec 08 2016 23:12:24 GMT+0000 (GMT) GET/user
Thu Dec 08 2016 23:13:06 GMT+0000 (GMT) Bound to 8888
Thu Dec 08 2016 23:13:07 GMT+0000 (GMT) GET/language/d02e2092-0fb5-4d26-98a0-bfe879d379f8
Thu Dec 08 2016 23:13:07 GMT+0000 (GMT) AuthenticationError
undefined
Thu Dec 08 2016 23:13:07 GMT+0000 (GMT) GET/language/d02e2092-0fb5-4d26-98a0-bfe879d379f8
Thu Dec 08 2016 23:13:07 GMT+0000 (GMT) AuthenticationError
undefined
Thu Dec 08 2016 23:13:07 GMT+0000 (GMT) GET/user/a0ebf328-0c73-4f22-8930-e013c17d3c2a
Thu Dec 08 2016 23:13:07 GMT+0000 (GMT) GET/user/d0bc1cb3-87c2-4d9c-9dde-6a02b40e1ebe
Thu Dec 08 2016 23:13:07 GMT+0000 (GMT) GET/user
Thu Dec 08 2016 23:13:28 GMT+0000 (GMT) Bound to 8888
Thu Dec 08 2016 23:13:29 GMT+0000 (GMT) GET/language/d02e2092-0fb5-4d26-98a0-bfe879d379f8
Thu Dec 08 2016 23:13:29 GMT+0000 (GMT) TypeError: AuthenticationError is not a constructor
TypeError: AuthenticationError is not a constructor
    at authorise (/home/aaron/arslinguis/libs/authorise.js:18:9)
    at /home/aaron/arslinguis/libs/handleRequest.js:26:7
    at _fulfilled (/home/aaron/arslinguis/node_modules/q/q.js:834:54)
    at self.promiseDispatch.done (/home/aaron/arslinguis/node_modules/q/q.js:863:30)
    at Promise.promise.promiseDispatch (/home/aaron/arslinguis/node_modules/q/q.js:796:13)
    at /home/aaron/arslinguis/node_modules/q/q.js:604:44
    at runSingle (/home/aaron/arslinguis/node_modules/q/q.js:137:13)
    at flush (/home/aaron/arslinguis/node_modules/q/q.js:125:13)
    at _combinedTickCallback (internal/process/next_tick.js:67:7)
    at process._tickCallback (internal/process/next_tick.js:98:9)
Thu Dec 08 2016 23:13:29 GMT+0000 (GMT) GET/language/d02e2092-0fb5-4d26-98a0-bfe879d379f8
Thu Dec 08 2016 23:13:29 GMT+0000 (GMT) TypeError: AuthenticationError is not a constructor
TypeError: AuthenticationError is not a constructor
    at authorise (/home/aaron/arslinguis/libs/authorise.js:18:9)
    at /home/aaron/arslinguis/libs/handleRequest.js:26:7
    at _fulfilled (/home/aaron/arslinguis/node_modules/q/q.js:834:54)
    at self.promiseDispatch.done (/home/aaron/arslinguis/node_modules/q/q.js:863:30)
    at Promise.promise.promiseDispatch (/home/aaron/arslinguis/node_modules/q/q.js:796:13)
    at /home/aaron/arslinguis/node_modules/q/q.js:604:44
    at runSingle (/home/aaron/arslinguis/node_modules/q/q.js:137:13)
    at flush (/home/aaron/arslinguis/node_modules/q/q.js:125:13)
    at _combinedTickCallback (internal/process/next_tick.js:67:7)
    at process._tickCallback (internal/process/next_tick.js:98:9)
Thu Dec 08 2016 23:13:30 GMT+0000 (GMT) GET/user/a0ebf328-0c73-4f22-8930-e013c17d3c2a
Thu Dec 08 2016 23:13:30 GMT+0000 (GMT) GET/user/d0bc1cb3-87c2-4d9c-9dde-6a02b40e1ebe
Thu Dec 08 2016 23:13:30 GMT+0000 (GMT) GET/user
Fri Dec 09 2016 09:03:03 GMT+0000 (GMT) Bound to 8888
Fri Dec 09 2016 09:03:04 GMT+0000 (GMT) GET/language/d02e2092-0fb5-4d26-98a0-bfe879d379f8
Fri Dec 09 2016 09:03:04 GMT+0000 (GMT) AuthenticationError: asdas
undefined
Fri Dec 09 2016 09:03:04 GMT+0000 (GMT) GET/language/d02e2092-0fb5-4d26-98a0-bfe879d379f8
Fri Dec 09 2016 09:03:04 GMT+0000 (GMT) AuthenticationError: asdas
undefined
Fri Dec 09 2016 09:03:05 GMT+0000 (GMT) GET/user/a0ebf328-0c73-4f22-8930-e013c17d3c2a
Fri Dec 09 2016 09:03:05 GMT+0000 (GMT) GET/user/d0bc1cb3-87c2-4d9c-9dde-6a02b40e1ebe
Fri Dec 09 2016 09:03:05 GMT+0000 (GMT) GET/user
Fri Dec 09 2016 09:05:00 GMT+0000 (GMT) Bound to 8888
Fri Dec 09 2016 09:05:00 GMT+0000 (GMT) GET/language/d02e2092-0fb5-4d26-98a0-bfe879d379f8
Fri Dec 09 2016 09:05:00 GMT+0000 (GMT) AuthenticationError: Permission denied, try logging in
undefined
Fri Dec 09 2016 09:05:00 GMT+0000 (GMT) GET/language/d02e2092-0fb5-4d26-98a0-bfe879d379f8
Fri Dec 09 2016 09:05:00 GMT+0000 (GMT) AuthenticationError: Permission denied, try logging in
undefined
Fri Dec 09 2016 09:05:01 GMT+0000 (GMT) GET/user/a0ebf328-0c73-4f22-8930-e013c17d3c2a
Fri Dec 09 2016 09:05:01 GMT+0000 (GMT) GET/user/d0bc1cb3-87c2-4d9c-9dde-6a02b40e1ebe
Fri Dec 09 2016 09:05:01 GMT+0000 (GMT) GET/user
Thu Dec 15 2016 18:25:47 GMT+0000 (GMT) Bound to 8888
Thu Dec 15 2016 18:28:45 GMT+0000 (GMT) Bound to 8888
Thu Dec 15 2016 18:28:46 GMT+0000 (GMT) GET/language/d02e2092-0fb5-4d26-98a0-bfe879d379f8
Thu Dec 15 2016 18:28:46 GMT+0000 (GMT) AuthenticationError: Permission denied, try logging in
undefined
Thu Dec 15 2016 18:28:46 GMT+0000 (GMT) GET/language/d02e2092-0fb5-4d26-98a0-bfe879d379f8
Thu Dec 15 2016 18:28:46 GMT+0000 (GMT) AuthenticationError: Permission denied, try logging in
undefined
Thu Dec 15 2016 18:28:46 GMT+0000 (GMT) GET/user/a0ebf328-0c73-4f22-8930-e013c17d3c2a
Thu Dec 15 2016 18:28:46 GMT+0000 (GMT) GET/user/d0bc1cb3-87c2-4d9c-9dde-6a02b40e1ebe
Thu Dec 15 2016 18:28:46 GMT+0000 (GMT) GET/user
Sun Dec 18 2016 23:17:02 GMT+0000 (GMT) Bound to 8888
Sun Dec 18 2016 23:17:02 GMT+0000 (GMT) GET/language/d02e2092-0fb5-4d26-98a0-bfe879d379f8
Sun Dec 18 2016 23:17:02 GMT+0000 (GMT) AuthenticationError: Permission denied, try logging in
undefined
Sun Dec 18 2016 23:17:02 GMT+0000 (GMT) GET/language/d02e2092-0fb5-4d26-98a0-bfe879d379f8
Sun Dec 18 2016 23:17:02 GMT+0000 (GMT) AuthenticationError: Permission denied, try logging in
undefined
Sun Dec 18 2016 23:17:03 GMT+0000 (GMT) GET/user/a0ebf328-0c73-4f22-8930-e013c17d3c2a
Sun Dec 18 2016 23:17:03 GMT+0000 (GMT) GET/user/d0bc1cb3-87c2-4d9c-9dde-6a02b40e1ebe
Sun Dec 18 2016 23:17:03 GMT+0000 (GMT) GET/user
Sun Dec 18 2016 23:17:36 GMT+0000 (GMT) Bound to 8888
Sun Dec 18 2016 23:17:37 GMT+0000 (GMT) GET/language/d02e2092-0fb5-4d26-98a0-bfe879d379f8
Sun Dec 18 2016 23:17:37 GMT+0000 (GMT) AuthenticationError: Permission denied, try logging in
undefined
Sun Dec 18 2016 23:17:37 GMT+0000 (GMT) GET/language/d02e2092-0fb5-4d26-98a0-bfe879d379f8
Sun Dec 18 2016 23:17:37 GMT+0000 (GMT) AuthenticationError: Permission denied, try logging in
undefined
Sun Dec 18 2016 23:17:37 GMT+0000 (GMT) GET/user/a0ebf328-0c73-4f22-8930-e013c17d3c2a
Sun Dec 18 2016 23:17:37 GMT+0000 (GMT) GET/user/d0bc1cb3-87c2-4d9c-9dde-6a02b40e1ebe
Sun Dec 18 2016 23:17:37 GMT+0000 (GMT) GET/user
Sun Dec 18 2016 23:21:46 GMT+0000 (GMT) Bound to 8888
Sun Dec 18 2016 23:21:47 GMT+0000 (GMT) GET/language/d02e2092-0fb5-4d26-98a0-bfe879d379f8
Sun Dec 18 2016 23:21:47 GMT+0000 (GMT) AuthenticationError: Permission denied, try logging in
undefined
Sun Dec 18 2016 23:21:47 GMT+0000 (GMT) GET/language/d02e2092-0fb5-4d26-98a0-bfe879d379f8
Sun Dec 18 2016 23:21:47 GMT+0000 (GMT) AuthenticationError: Permission denied, try logging in
undefined
Sun Dec 18 2016 23:21:48 GMT+0000 (GMT) GET/user/a0ebf328-0c73-4f22-8930-e013c17d3c2a
Sun Dec 18 2016 23:21:48 GMT+0000 (GMT) GET/user/d0bc1cb3-87c2-4d9c-9dde-6a02b40e1ebe
Sun Dec 18 2016 23:21:48 GMT+0000 (GMT) GET/user
Sun Dec 18 2016 23:36:11 GMT+0000 (GMT) Bound to 8888
Sun Dec 18 2016 23:36:12 GMT+0000 (GMT) GET/language/d02e2092-0fb5-4d26-98a0-bfe879d379f8
Sun Dec 18 2016 23:36:12 GMT+0000 (GMT) AuthenticationError: Permission denied, try logging in
undefined
Sun Dec 18 2016 23:36:12 GMT+0000 (GMT) GET/language/d02e2092-0fb5-4d26-98a0-bfe879d379f8
Sun Dec 18 2016 23:36:12 GMT+0000 (GMT) AuthenticationError: Permission denied, try logging in
undefined
Sun Dec 18 2016 23:36:12 GMT+0000 (GMT) GET/user/a0ebf328-0c73-4f22-8930-e013c17d3c2a
Sun Dec 18 2016 23:36:12 GMT+0000 (GMT) GET/user/d0bc1cb3-87c2-4d9c-9dde-6a02b40e1ebe
Sun Dec 18 2016 23:36:12 GMT+0000 (GMT) GET/user
Sun Dec 18 2016 23:51:29 GMT+0000 (GMT) Bound to 8888
Sun Dec 18 2016 23:51:30 GMT+0000 (GMT) GET/language/d02e2092-0fb5-4d26-98a0-bfe879d379f8
Sun Dec 18 2016 23:51:30 GMT+0000 (GMT) AuthenticationError: Permission denied, try logging in
undefined
Sun Dec 18 2016 23:51:30 GMT+0000 (GMT) GET/language/d02e2092-0fb5-4d26-98a0-bfe879d379f8
Sun Dec 18 2016 23:51:30 GMT+0000 (GMT) AuthenticationError: Permission denied, try logging in
undefined
Sun Dec 18 2016 23:51:30 GMT+0000 (GMT) GET/user/a0ebf328-0c73-4f22-8930-e013c17d3c2a
Sun Dec 18 2016 23:51:30 GMT+0000 (GMT) GET/user/d0bc1cb3-87c2-4d9c-9dde-6a02b40e1ebe
Sun Dec 18 2016 23:51:30 GMT+0000 (GMT) GET/user
Sun Dec 18 2016 23:54:20 GMT+0000 (GMT) Bound to 8888
Sun Dec 18 2016 23:54:21 GMT+0000 (GMT) GET/language/d02e2092-0fb5-4d26-98a0-bfe879d379f8
Sun Dec 18 2016 23:54:21 GMT+0000 (GMT) AuthenticationError: Permission denied, try logging in
undefined
Sun Dec 18 2016 23:54:21 GMT+0000 (GMT) GET/language/d02e2092-0fb5-4d26-98a0-bfe879d379f8
Sun Dec 18 2016 23:54:21 GMT+0000 (GMT) AuthenticationError: Permission denied, try logging in
undefined
Sun Dec 18 2016 23:54:21 GMT+0000 (GMT) GET/user/a0ebf328-0c73-4f22-8930-e013c17d3c2a
Sun Dec 18 2016 23:54:21 GMT+0000 (GMT) GET/user/d0bc1cb3-87c2-4d9c-9dde-6a02b40e1ebe
Sun Dec 18 2016 23:54:21 GMT+0000 (GMT) GET/user
Sun Dec 18 2016 23:55:35 GMT+0000 (GMT) Bound to 8888
Sun Dec 18 2016 23:55:35 GMT+0000 (GMT) GET/language/d02e2092-0fb5-4d26-98a0-bfe879d379f8
Sun Dec 18 2016 23:55:35 GMT+0000 (GMT) AuthenticationError: Permission denied, try logging in
undefined
Sun Dec 18 2016 23:55:35 GMT+0000 (GMT) GET/language/d02e2092-0fb5-4d26-98a0-bfe879d379f8
Sun Dec 18 2016 23:55:35 GMT+0000 (GMT) AuthenticationError: Permission denied, try logging in
undefined
Sun Dec 18 2016 23:55:36 GMT+0000 (GMT) GET/user/a0ebf328-0c73-4f22-8930-e013c17d3c2a
Sun Dec 18 2016 23:55:36 GMT+0000 (GMT) GET/user/d0bc1cb3-87c2-4d9c-9dde-6a02b40e1ebe
Sun Dec 18 2016 23:55:36 GMT+0000 (GMT) GET/user
Sun Dec 18 2016 23:57:39 GMT+0000 (GMT) Bound to 8888
Sun Dec 18 2016 23:57:39 GMT+0000 (GMT) GET/language/d02e2092-0fb5-4d26-98a0-bfe879d379f8
Sun Dec 18 2016 23:57:39 GMT+0000 (GMT) AuthenticationError: Permission denied, try logging in
undefined
Sun Dec 18 2016 23:57:39 GMT+0000 (GMT) GET/language/d02e2092-0fb5-4d26-98a0-bfe879d379f8
Sun Dec 18 2016 23:57:39 GMT+0000 (GMT) AuthenticationError: Permission denied, try logging in
undefined
Sun Dec 18 2016 23:57:40 GMT+0000 (GMT) GET/user/a0ebf328-0c73-4f22-8930-e013c17d3c2a
Sun Dec 18 2016 23:57:40 GMT+0000 (GMT) GET/user/d0bc1cb3-87c2-4d9c-9dde-6a02b40e1ebe
Sun Dec 18 2016 23:57:40 GMT+0000 (GMT) GET/user
Sun Dec 18 2016 23:59:24 GMT+0000 (GMT) Bound to 8888
Sun Dec 18 2016 23:59:24 GMT+0000 (GMT) GET/language/d02e2092-0fb5-4d26-98a0-bfe879d379f8
Sun Dec 18 2016 23:59:24 GMT+0000 (GMT) AuthenticationError: Permission denied, try logging in
undefined
Sun Dec 18 2016 23:59:24 GMT+0000 (GMT) GET/language/d02e2092-0fb5-4d26-98a0-bfe879d379f8
Sun Dec 18 2016 23:59:24 GMT+0000 (GMT) AuthenticationError: Permission denied, try logging in
undefined
Sun Dec 18 2016 23:59:25 GMT+0000 (GMT) GET/user/a0ebf328-0c73-4f22-8930-e013c17d3c2a
Sun Dec 18 2016 23:59:25 GMT+0000 (GMT) GET/user/d0bc1cb3-87c2-4d9c-9dde-6a02b40e1ebe
Sun Dec 18 2016 23:59:25 GMT+0000 (GMT) GET/user
Sun Dec 18 2016 23:59:55 GMT+0000 (GMT) Bound to 8888
Sun Dec 18 2016 23:59:56 GMT+0000 (GMT) GET/language/d02e2092-0fb5-4d26-98a0-bfe879d379f8
Sun Dec 18 2016 23:59:56 GMT+0000 (GMT) AuthenticationError: Permission denied, try logging in
undefined
Sun Dec 18 2016 23:59:56 GMT+0000 (GMT) GET/language/d02e2092-0fb5-4d26-98a0-bfe879d379f8
Sun Dec 18 2016 23:59:56 GMT+0000 (GMT) AuthenticationError: Permission denied, try logging in
undefined
Sun Dec 18 2016 23:59:57 GMT+0000 (GMT) GET/user/a0ebf328-0c73-4f22-8930-e013c17d3c2a
Sun Dec 18 2016 23:59:57 GMT+0000 (GMT) GET/user/d0bc1cb3-87c2-4d9c-9dde-6a02b40e1ebe
Sun Dec 18 2016 23:59:57 GMT+0000 (GMT) GET/user
Mon Dec 19 2016 00:01:06 GMT+0000 (GMT) Bound to 8888
Mon Dec 19 2016 00:01:06 GMT+0000 (GMT) GET/language/d02e2092-0fb5-4d26-98a0-bfe879d379f8
Mon Dec 19 2016 00:01:06 GMT+0000 (GMT) AuthenticationError: Permission denied, try logging in
undefined
Mon Dec 19 2016 00:01:06 GMT+0000 (GMT) GET/language/d02e2092-0fb5-4d26-98a0-bfe879d379f8
Mon Dec 19 2016 00:01:07 GMT+0000 (GMT) GET/user/a0ebf328-0c73-4f22-8930-e013c17d3c2a
Mon Dec 19 2016 00:01:07 GMT+0000 (GMT) GET/user/d0bc1cb3-87c2-4d9c-9dde-6a02b40e1ebe
Mon Dec 19 2016 00:01:07 GMT+0000 (GMT) GET/user
Mon Dec 19 2016 00:04:08 GMT+0000 (GMT) Bound to 8888
Mon Dec 19 2016 00:04:09 GMT+0000 (GMT) GET/language/d02e2092-0fb5-4d26-98a0-bfe879d379f8
Mon Dec 19 2016 00:04:09 GMT+0000 (GMT) AuthenticationError: Permission denied, try logging in
undefined
Mon Dec 19 2016 00:04:09 GMT+0000 (GMT) GET/language/d02e2092-0fb5-4d26-98a0-bfe879d379f8
Mon Dec 19 2016 00:04:10 GMT+0000 (GMT) GET/user/a0ebf328-0c73-4f22-8930-e013c17d3c2a
Mon Dec 19 2016 00:04:10 GMT+0000 (GMT) GET/user/d0bc1cb3-87c2-4d9c-9dde-6a02b40e1ebe
Mon Dec 19 2016 00:04:10 GMT+0000 (GMT) GET/user
Mon Dec 19 2016 00:05:37 GMT+0000 (GMT) Bound to 8888
Mon Dec 19 2016 00:05:38 GMT+0000 (GMT) GET/language/d02e2092-0fb5-4d26-98a0-bfe879d379f8
Mon Dec 19 2016 00:05:38 GMT+0000 (GMT) AuthenticationError: Permission denied, try logging in
undefined
Mon Dec 19 2016 00:05:38 GMT+0000 (GMT) GET/language/d02e2092-0fb5-4d26-98a0-bfe879d379f8
Mon Dec 19 2016 00:05:39 GMT+0000 (GMT) GET/user/a0ebf328-0c73-4f22-8930-e013c17d3c2a
Mon Dec 19 2016 00:05:39 GMT+0000 (GMT) GET/user/d0bc1cb3-87c2-4d9c-9dde-6a02b40e1ebe
Mon Dec 19 2016 00:05:39 GMT+0000 (GMT) GET/user
Mon Dec 19 2016 00:10:00 GMT+0000 (GMT) Bound to 8888
Mon Dec 19 2016 00:10:00 GMT+0000 (GMT) GET/language/d02e2092-0fb5-4d26-98a0-bfe879d379f8
Mon Dec 19 2016 00:10:00 GMT+0000 (GMT) AuthenticationError: Permission denied, try logging in
undefined
Mon Dec 19 2016 00:10:00 GMT+0000 (GMT) GET/language/d02e2092-0fb5-4d26-98a0-bfe879d379f8
Mon Dec 19 2016 00:10:01 GMT+0000 (GMT) GET/user/a0ebf328-0c73-4f22-8930-e013c17d3c2a
Mon Dec 19 2016 00:10:01 GMT+0000 (GMT) GET/user/d0bc1cb3-87c2-4d9c-9dde-6a02b40e1ebe
Mon Dec 19 2016 00:10:01 GMT+0000 (GMT) GET/user
Mon Dec 19 2016 00:11:19 GMT+0000 (GMT) Bound to 8888
Mon Dec 19 2016 00:11:19 GMT+0000 (GMT) GET/language/d02e2092-0fb5-4d26-98a0-bfe879d379f8
Mon Dec 19 2016 00:11:19 GMT+0000 (GMT) AuthenticationError: Permission denied, try logging in
undefined
Mon Dec 19 2016 00:11:19 GMT+0000 (GMT) GET/language/d02e2092-0fb5-4d26-98a0-bfe879d379f8
Mon Dec 19 2016 00:11:20 GMT+0000 (GMT) GET/user/a0ebf328-0c73-4f22-8930-e013c17d3c2a
Mon Dec 19 2016 00:11:20 GMT+0000 (GMT) GET/user/d0bc1cb3-87c2-4d9c-9dde-6a02b40e1ebe
Mon Dec 19 2016 00:11:20 GMT+0000 (GMT) GET/user
Mon Dec 19 2016 08:33:32 GMT+0000 (GMT) Bound to 8888
Mon Dec 19 2016 08:33:33 GMT+0000 (GMT) GET/language/d02e2092-0fb5-4d26-98a0-bfe879d379f8
Mon Dec 19 2016 08:33:33 GMT+0000 (GMT) AuthenticationError: Permission denied, try logging in
undefined
Mon Dec 19 2016 08:33:33 GMT+0000 (GMT) GET/language/d02e2092-0fb5-4d26-98a0-bfe879d379f8
Mon Dec 19 2016 08:33:33 GMT+0000 (GMT) GET/user/a0ebf328-0c73-4f22-8930-e013c17d3c2a
Mon Dec 19 2016 08:33:33 GMT+0000 (GMT) GET/user/d0bc1cb3-87c2-4d9c-9dde-6a02b40e1ebe
Mon Dec 19 2016 08:33:33 GMT+0000 (GMT) GET/user
Mon Dec 19 2016 08:36:28 GMT+0000 (GMT) Bound to 8888
Mon Dec 19 2016 08:36:28 GMT+0000 (GMT) GET/language/d02e2092-0fb5-4d26-98a0-bfe879d379f8
Mon Dec 19 2016 08:36:28 GMT+0000 (GMT) AuthenticationError: Permission denied, try logging in
undefined
Mon Dec 19 2016 08:36:28 GMT+0000 (GMT) GET/language/d02e2092-0fb5-4d26-98a0-bfe879d379f8
Mon Dec 19 2016 08:36:29 GMT+0000 (GMT) GET/user/a0ebf328-0c73-4f22-8930-e013c17d3c2a
Mon Dec 19 2016 08:36:29 GMT+0000 (GMT) GET/user/d0bc1cb3-87c2-4d9c-9dde-6a02b40e1ebe
Mon Dec 19 2016 08:36:29 GMT+0000 (GMT) GET/user
Mon Dec 19 2016 09:20:13 GMT+0000 (GMT) Bound to 8888
Mon Dec 19 2016 09:20:13 GMT+0000 (GMT) GET/language/d02e2092-0fb5-4d26-98a0-bfe879d379f8
Mon Dec 19 2016 09:20:13 GMT+0000 (GMT) AuthenticationError: Permission denied, try logging in
undefined
Mon Dec 19 2016 09:20:13 GMT+0000 (GMT) GET/language/d02e2092-0fb5-4d26-98a0-bfe879d379f8
Mon Dec 19 2016 09:20:14 GMT+0000 (GMT) GET/user/a0ebf328-0c73-4f22-8930-e013c17d3c2a
Mon Dec 19 2016 09:20:14 GMT+0000 (GMT) GET/user/d0bc1cb3-87c2-4d9c-9dde-6a02b40e1ebe
Mon Dec 19 2016 09:20:14 GMT+0000 (GMT) GET/user
Mon Dec 19 2016 09:23:51 GMT+0000 (GMT) Bound to 8888
Mon Dec 19 2016 09:23:51 GMT+0000 (GMT) GET/language/d02e2092-0fb5-4d26-98a0-bfe879d379f8
Mon Dec 19 2016 09:23:51 GMT+0000 (GMT) AuthenticationError: Permission denied, try logging in
undefined
Mon Dec 19 2016 09:23:51 GMT+0000 (GMT) GET/language/d02e2092-0fb5-4d26-98a0-bfe879d379f8
Mon Dec 19 2016 09:23:52 GMT+0000 (GMT) GET/user/a0ebf328-0c73-4f22-8930-e013c17d3c2a
Mon Dec 19 2016 09:23:52 GMT+0000 (GMT) GET/user/d0bc1cb3-87c2-4d9c-9dde-6a02b40e1ebe
Mon Dec 19 2016 09:23:52 GMT+0000 (GMT) GET/user
Mon Dec 19 2016 09:24:44 GMT+0000 (GMT) Bound to 8888
Mon Dec 19 2016 09:24:44 GMT+0000 (GMT) GET/language/d02e2092-0fb5-4d26-98a0-bfe879d379f8
Mon Dec 19 2016 09:24:44 GMT+0000 (GMT) AuthenticationError: Permission denied, try logging in
undefined
Mon Dec 19 2016 09:24:45 GMT+0000 (GMT) GET/language/d02e2092-0fb5-4d26-98a0-bfe879d379f8
Mon Dec 19 2016 09:24:45 GMT+0000 (GMT) GET/user/a0ebf328-0c73-4f22-8930-e013c17d3c2a
Mon Dec 19 2016 09:24:45 GMT+0000 (GMT) GET/user/d0bc1cb3-87c2-4d9c-9dde-6a02b40e1ebe
Mon Dec 19 2016 09:24:45 GMT+0000 (GMT) GET/user
Mon Dec 19 2016 09:36:11 GMT+0000 (GMT) Bound to 8888
Mon Dec 19 2016 09:36:12 GMT+0000 (GMT) GET/language/d02e2092-0fb5-4d26-98a0-bfe879d379f8
Mon Dec 19 2016 09:36:12 GMT+0000 (GMT) AuthenticationError: Permission denied, try logging in
undefined
Mon Dec 19 2016 09:36:12 GMT+0000 (GMT) GET/language/d02e2092-0fb5-4d26-98a0-bfe879d379f8
Mon Dec 19 2016 09:36:13 GMT+0000 (GMT) GET/user/a0ebf328-0c73-4f22-8930-e013c17d3c2a
Mon Dec 19 2016 09:36:13 GMT+0000 (GMT) GET/user/d0bc1cb3-87c2-4d9c-9dde-6a02b40e1ebe
Mon Dec 19 2016 09:36:13 GMT+0000 (GMT) GET/user
Mon Dec 19 2016 09:40:40 GMT+0000 (GMT) Bound to 8888
Mon Dec 19 2016 09:40:40 GMT+0000 (GMT) GET/language/d02e2092-0fb5-4d26-98a0-bfe879d379f8
Mon Dec 19 2016 09:40:40 GMT+0000 (GMT) AuthenticationError: Permission denied, try logging in
undefined
Mon Dec 19 2016 09:40:40 GMT+0000 (GMT) GET/language/d02e2092-0fb5-4d26-98a0-bfe879d379f8
Mon Dec 19 2016 09:40:41 GMT+0000 (GMT) GET/user/a0ebf328-0c73-4f22-8930-e013c17d3c2a
Mon Dec 19 2016 09:40:41 GMT+0000 (GMT) GET/user/d0bc1cb3-87c2-4d9c-9dde-6a02b40e1ebe
Mon Dec 19 2016 09:40:41 GMT+0000 (GMT) GET/user
Tue Jun 27 2017 09:07:00 GMT+0100 (BST) Bound to 8888
Tue Jun 27 2017 09:07:00 GMT+0100 (BST) GET/language/d02e2092-0fb5-4d26-98a0-bfe879d379f8
Tue Jun 27 2017 09:07:00 GMT+0100 (BST) AuthenticationError: Permission denied, try logging in
undefined
Tue Jun 27 2017 09:07:00 GMT+0100 (BST) GET/language/d02e2092-0fb5-4d26-98a0-bfe879d379f8
Tue Jun 27 2017 09:07:00 GMT+0100 (BST) ReferenceError: html is not defined
ReferenceError: html is not defined
    at /home/aaron/arslinguis/libs/handleRequest.js:31:26
    at _fulfilled (/home/aaron/arslinguis/node_modules/q/q.js:854:54)
    at self.promiseDispatch.done (/home/aaron/arslinguis/node_modules/q/q.js:883:30)
    at Promise.promise.promiseDispatch (/home/aaron/arslinguis/node_modules/q/q.js:816:13)
    at /home/aaron/arslinguis/node_modules/q/q.js:624:44
    at runSingle (/home/aaron/arslinguis/node_modules/q/q.js:137:13)
    at flush (/home/aaron/arslinguis/node_modules/q/q.js:125:13)
    at _combinedTickCallback (internal/process/next_tick.js:95:7)
    at process._tickCallback (internal/process/next_tick.js:161:9)
Tue Jun 27 2017 09:07:00 GMT+0100 (BST) GET/user/a0ebf328-0c73-4f22-8930-e013c17d3c2a
Tue Jun 27 2017 09:07:00 GMT+0100 (BST) GET/user/d0bc1cb3-87c2-4d9c-9dde-6a02b40e1ebe
Tue Jun 27 2017 09:07:00 GMT+0100 (BST) GET/user
Tue Jun 27 2017 15:33:39 GMT+0100 (BST) Bound to 8888
Tue Jun 27 2017 15:33:40 GMT+0100 (BST) GET/language/d02e2092-0fb5-4d26-98a0-bfe879d379f8
Tue Jun 27 2017 15:33:40 GMT+0100 (BST) AuthenticationError: Permission denied, try logging in
undefined
Tue Jun 27 2017 15:33:40 GMT+0100 (BST) GET/language/d02e2092-0fb5-4d26-98a0-bfe879d379f8
Tue Jun 27 2017 15:33:40 GMT+0100 (BST) TypeError: repository.retrieveOne is not a function
TypeError: repository.retrieveOne is not a function
    at authenticateSession (/home/aaron/arslinguis/libs/authenticate.js:33:21)
    at authenticate (/home/aaron/arslinguis/libs/authenticate.js:17:12)
    at Q.then.then (/home/aaron/arslinguis/libs/handleRequest.js:19:17)
    at _fulfilled (/home/aaron/arslinguis/node_modules/q/q.js:854:54)
    at self.promiseDispatch.done (/home/aaron/arslinguis/node_modules/q/q.js:883:30)
    at Promise.promise.promiseDispatch (/home/aaron/arslinguis/node_modules/q/q.js:816:13)
    at /home/aaron/arslinguis/node_modules/q/q.js:570:49
    at runSingle (/home/aaron/arslinguis/node_modules/q/q.js:137:13)
    at flush (/home/aaron/arslinguis/node_modules/q/q.js:125:13)
    at _combinedTickCallback (internal/process/next_tick.js:95:7)
    at process._tickCallback (internal/process/next_tick.js:161:9)
Tue Jun 27 2017 15:33:40 GMT+0100 (BST) GET/user/a0ebf328-0c73-4f22-8930-e013c17d3c2a
Tue Jun 27 2017 15:33:40 GMT+0100 (BST) GET/user/d0bc1cb3-87c2-4d9c-9dde-6a02b40e1ebe
Tue Jun 27 2017 15:33:40 GMT+0100 (BST) GET/user
Tue Jun 27 2017 15:50:04 GMT+0100 (BST) Bound to 8888
Tue Jun 27 2017 15:50:05 GMT+0100 (BST) GET/language/d02e2092-0fb5-4d26-98a0-bfe879d379f8
Tue Jun 27 2017 15:50:05 GMT+0100 (BST) AuthenticationError: Permission denied, try logging in
undefined
Tue Jun 27 2017 15:50:05 GMT+0100 (BST) GET/language/d02e2092-0fb5-4d26-98a0-bfe879d379f8
Tue Jun 27 2017 15:50:05 GMT+0100 (BST) TypeError: repository.retrieveOne is not a function
TypeError: repository.retrieveOne is not a function
    at authenticateSession (/home/aaron/arslinguis/libs/authenticate.js:33:21)
    at authenticate (/home/aaron/arslinguis/libs/authenticate.js:17:12)
    at Q.then.then (/home/aaron/arslinguis/libs/handleRequest.js:19:17)
    at _fulfilled (/home/aaron/arslinguis/node_modules/q/q.js:854:54)
    at self.promiseDispatch.done (/home/aaron/arslinguis/node_modules/q/q.js:883:30)
    at Promise.promise.promiseDispatch (/home/aaron/arslinguis/node_modules/q/q.js:816:13)
    at /home/aaron/arslinguis/node_modules/q/q.js:570:49
    at runSingle (/home/aaron/arslinguis/node_modules/q/q.js:137:13)
    at flush (/home/aaron/arslinguis/node_modules/q/q.js:125:13)
    at _combinedTickCallback (internal/process/next_tick.js:95:7)
    at process._tickCallback (internal/process/next_tick.js:161:9)
Tue Jun 27 2017 15:50:05 GMT+0100 (BST) GET/user/a0ebf328-0c73-4f22-8930-e013c17d3c2a
Tue Jun 27 2017 15:50:05 GMT+0100 (BST) GET/user/d0bc1cb3-87c2-4d9c-9dde-6a02b40e1ebe
Tue Jun 27 2017 15:50:05 GMT+0100 (BST) GET/user
Tue Jun 27 2017 15:52:32 GMT+0100 (BST) Bound to 8888
Tue Jun 27 2017 15:52:33 GMT+0100 (BST) GET/language/d02e2092-0fb5-4d26-98a0-bfe879d379f8
Tue Jun 27 2017 15:52:33 GMT+0100 (BST) AuthenticationError: Permission denied, try logging in
undefined
Tue Jun 27 2017 15:54:07 GMT+0100 (BST) Bound to 8888
Tue Jun 27 2017 15:54:08 GMT+0100 (BST) GET/language/d02e2092-0fb5-4d26-98a0-bfe879d379f8
Tue Jun 27 2017 15:54:08 GMT+0100 (BST) AuthenticationError: Permission denied, try logging in
undefined
Tue Jun 27 2017 15:58:16 GMT+0100 (BST) GET/language/d02e2092-0fb5-4d26-98a0-bfe879d379f8
Tue Jun 27 2017 15:58:16 GMT+0100 (BST) TypeError: repository.retrieveOne is not a function
TypeError: repository.retrieveOne is not a function
    at authenticateSession (/home/aaron/arslinguis/libs/authenticate.js:33:21)
    at authenticate (/home/aaron/arslinguis/libs/authenticate.js:17:12)
    at Q.then.then (/home/aaron/arslinguis/libs/handleRequest.js:19:17)
    at _fulfilled (/home/aaron/arslinguis/node_modules/q/q.js:854:54)
    at self.promiseDispatch.done (/home/aaron/arslinguis/node_modules/q/q.js:883:30)
    at Promise.promise.promiseDispatch (/home/aaron/arslinguis/node_modules/q/q.js:816:13)
    at /home/aaron/arslinguis/node_modules/q/q.js:570:49
    at runSingle (/home/aaron/arslinguis/node_modules/q/q.js:137:13)
    at flush (/home/aaron/arslinguis/node_modules/q/q.js:125:13)
    at _combinedTickCallback (internal/process/next_tick.js:95:7)
    at process._tickCallback (internal/process/next_tick.js:161:9)
Tue Jun 27 2017 15:58:16 GMT+0100 (BST) GET/user/a0ebf328-0c73-4f22-8930-e013c17d3c2a
Tue Jun 27 2017 15:58:16 GMT+0100 (BST) GET/user/d0bc1cb3-87c2-4d9c-9dde-6a02b40e1ebe
Tue Jun 27 2017 15:58:16 GMT+0100 (BST) GET/user
Tue Jun 27 2017 15:58:34 GMT+0100 (BST) Bound to 8888
Tue Jun 27 2017 15:58:34 GMT+0100 (BST) GET/language/d02e2092-0fb5-4d26-98a0-bfe879d379f8
Tue Jun 27 2017 15:58:34 GMT+0100 (BST) AuthenticationError: Permission denied, try logging in
undefined
Tue Jun 27 2017 15:58:34 GMT+0100 (BST) GET/language/d02e2092-0fb5-4d26-98a0-bfe879d379f8
Tue Jun 27 2017 15:58:34 GMT+0100 (BST) TypeError: repository.retrieveOne is not a function
TypeError: repository.retrieveOne is not a function
    at authenticateSession (/home/aaron/arslinguis/libs/authenticate.js:33:21)
    at authenticate (/home/aaron/arslinguis/libs/authenticate.js:17:12)
    at Q.then.then (/home/aaron/arslinguis/libs/handleRequest.js:19:17)
    at _fulfilled (/home/aaron/arslinguis/node_modules/q/q.js:854:54)
    at self.promiseDispatch.done (/home/aaron/arslinguis/node_modules/q/q.js:883:30)
    at Promise.promise.promiseDispatch (/home/aaron/arslinguis/node_modules/q/q.js:816:13)
    at /home/aaron/arslinguis/node_modules/q/q.js:570:49
    at runSingle (/home/aaron/arslinguis/node_modules/q/q.js:137:13)
    at flush (/home/aaron/arslinguis/node_modules/q/q.js:125:13)
    at _combinedTickCallback (internal/process/next_tick.js:95:7)
    at process._tickCallback (internal/process/next_tick.js:161:9)
Tue Jun 27 2017 15:58:34 GMT+0100 (BST) GET/user/a0ebf328-0c73-4f22-8930-e013c17d3c2a
Tue Jun 27 2017 15:58:34 GMT+0100 (BST) GET/user/d0bc1cb3-87c2-4d9c-9dde-6a02b40e1ebe
Tue Jun 27 2017 15:58:34 GMT+0100 (BST) GET/user
Tue Jun 27 2017 15:59:20 GMT+0100 (BST) Bound to 8888
Tue Jun 27 2017 16:02:07 GMT+0100 (BST) Bound to 8888
Tue Jun 27 2017 16:02:07 GMT+0100 (BST) GET/language/d02e2092-0fb5-4d26-98a0-bfe879d379f8
Tue Jun 27 2017 16:02:07 GMT+0100 (BST) AuthenticationError: Permission denied, try logging in
undefined
Tue Jun 27 2017 16:02:10 GMT+0100 (BST) TypeError: dbCollection.insertOne is not a function
TypeError: dbCollection.insertOne is not a function
    at Object.logError (/home/aaron/arslinguis/libs/logger.js:20:23)
    at /home/aaron/arslinguis/libs/handleRequest.js:33:16
    at _rejected (/home/aaron/arslinguis/node_modules/q/q.js:864:24)
    at /home/aaron/arslinguis/node_modules/q/q.js:890:30
    at Promise.when (/home/aaron/arslinguis/node_modules/q/q.js:1142:31)
    at Promise.promise.promiseDispatch (/home/aaron/arslinguis/node_modules/q/q.js:808:41)
    at /home/aaron/arslinguis/node_modules/q/q.js:624:44
    at runSingle (/home/aaron/arslinguis/node_modules/q/q.js:137:13)
    at flush (/home/aaron/arslinguis/node_modules/q/q.js:125:13)
    at _combinedTickCallback (internal/process/next_tick.js:95:7)
    at process._tickCallback (internal/process/next_tick.js:161:9)
Tue Jun 27 2017 16:02:19 GMT+0100 (BST) GET/language/d02e2092-0fb5-4d26-98a0-bfe879d379f8
Tue Jun 27 2017 16:02:19 GMT+0100 (BST) TypeError: repository.retrieveOne is not a function
TypeError: repository.retrieveOne is not a function
    at authenticateSession (/home/aaron/arslinguis/libs/authenticate.js:33:21)
    at authenticate (/home/aaron/arslinguis/libs/authenticate.js:17:12)
    at Q.then.then (/home/aaron/arslinguis/libs/handleRequest.js:19:17)
    at _fulfilled (/home/aaron/arslinguis/node_modules/q/q.js:854:54)
    at self.promiseDispatch.done (/home/aaron/arslinguis/node_modules/q/q.js:883:30)
    at Promise.promise.promiseDispatch (/home/aaron/arslinguis/node_modules/q/q.js:816:13)
    at /home/aaron/arslinguis/node_modules/q/q.js:570:49
    at runSingle (/home/aaron/arslinguis/node_modules/q/q.js:137:13)
    at flush (/home/aaron/arslinguis/node_modules/q/q.js:125:13)
    at _combinedTickCallback (internal/process/next_tick.js:95:7)
    at process._tickCallback (internal/process/next_tick.js:161:9)
Tue Jun 27 2017 16:02:19 GMT+0100 (BST) TypeError: dbCollection.insertOne is not a function
TypeError: dbCollection.insertOne is not a function
    at Object.logError (/home/aaron/arslinguis/libs/logger.js:20:23)
    at /home/aaron/arslinguis/libs/handleRequest.js:33:16
    at _rejected (/home/aaron/arslinguis/node_modules/q/q.js:864:24)
    at /home/aaron/arslinguis/node_modules/q/q.js:890:30
    at Promise.when (/home/aaron/arslinguis/node_modules/q/q.js:1142:31)
    at Promise.promise.promiseDispatch (/home/aaron/arslinguis/node_modules/q/q.js:808:41)
    at /home/aaron/arslinguis/node_modules/q/q.js:624:44
    at runSingle (/home/aaron/arslinguis/node_modules/q/q.js:137:13)
    at flush (/home/aaron/arslinguis/node_modules/q/q.js:125:13)
    at _combinedTickCallback (internal/process/next_tick.js:95:7)
    at process._tickCallback (internal/process/next_tick.js:161:9)
Tue Jun 27 2017 16:02:20 GMT+0100 (BST) GET/user/a0ebf328-0c73-4f22-8930-e013c17d3c2a
Tue Jun 27 2017 16:02:20 GMT+0100 (BST) GET/user/d0bc1cb3-87c2-4d9c-9dde-6a02b40e1ebe
Tue Jun 27 2017 16:02:20 GMT+0100 (BST) GET/user
Tue Jun 27 2017 16:03:15 GMT+0100 (BST) Bound to 8888
Tue Jun 27 2017 16:03:15 GMT+0100 (BST) GET/language/d02e2092-0fb5-4d26-98a0-bfe879d379f8
Tue Jun 27 2017 16:03:15 GMT+0100 (BST) AuthenticationError: Permission denied, try logging in
undefined
Tue Jun 27 2017 16:03:15 GMT+0100 (BST) TypeError: dbCollection.insertOne is not a function
TypeError: dbCollection.insertOne is not a function
    at Object.logError (/home/aaron/arslinguis/libs/logger.js:20:23)
    at /home/aaron/arslinguis/libs/handleRequest.js:33:16
    at _rejected (/home/aaron/arslinguis/node_modules/q/q.js:864:24)
    at /home/aaron/arslinguis/node_modules/q/q.js:890:30
    at Promise.when (/home/aaron/arslinguis/node_modules/q/q.js:1142:31)
    at Promise.promise.promiseDispatch (/home/aaron/arslinguis/node_modules/q/q.js:808:41)
    at /home/aaron/arslinguis/node_modules/q/q.js:624:44
    at runSingle (/home/aaron/arslinguis/node_modules/q/q.js:137:13)
    at flush (/home/aaron/arslinguis/node_modules/q/q.js:125:13)
    at _combinedTickCallback (internal/process/next_tick.js:95:7)
    at process._tickCallback (internal/process/next_tick.js:161:9)
Tue Jun 27 2017 16:03:15 GMT+0100 (BST) GET/language/d02e2092-0fb5-4d26-98a0-bfe879d379f8
Tue Jun 27 2017 16:03:15 GMT+0100 (BST) TypeError: repository.retrieveOne is not a function
TypeError: repository.retrieveOne is not a function
    at authenticateSession (/home/aaron/arslinguis/libs/authenticate.js:33:21)
    at authenticate (/home/aaron/arslinguis/libs/authenticate.js:17:12)
    at Q.then.then (/home/aaron/arslinguis/libs/handleRequest.js:19:17)
    at _fulfilled (/home/aaron/arslinguis/node_modules/q/q.js:854:54)
    at self.promiseDispatch.done (/home/aaron/arslinguis/node_modules/q/q.js:883:30)
    at Promise.promise.promiseDispatch (/home/aaron/arslinguis/node_modules/q/q.js:816:13)
    at /home/aaron/arslinguis/node_modules/q/q.js:570:49
    at runSingle (/home/aaron/arslinguis/node_modules/q/q.js:137:13)
    at flush (/home/aaron/arslinguis/node_modules/q/q.js:125:13)
    at _combinedTickCallback (internal/process/next_tick.js:95:7)
    at process._tickCallback (internal/process/next_tick.js:161:9)
Tue Jun 27 2017 16:03:15 GMT+0100 (BST) TypeError: dbCollection.insertOne is not a function
TypeError: dbCollection.insertOne is not a function
    at Object.logError (/home/aaron/arslinguis/libs/logger.js:20:23)
    at /home/aaron/arslinguis/libs/handleRequest.js:33:16
    at _rejected (/home/aaron/arslinguis/node_modules/q/q.js:864:24)
    at /home/aaron/arslinguis/node_modules/q/q.js:890:30
    at Promise.when (/home/aaron/arslinguis/node_modules/q/q.js:1142:31)
    at Promise.promise.promiseDispatch (/home/aaron/arslinguis/node_modules/q/q.js:808:41)
    at /home/aaron/arslinguis/node_modules/q/q.js:624:44
    at runSingle (/home/aaron/arslinguis/node_modules/q/q.js:137:13)
    at flush (/home/aaron/arslinguis/node_modules/q/q.js:125:13)
    at _combinedTickCallback (internal/process/next_tick.js:95:7)
    at process._tickCallback (internal/process/next_tick.js:161:9)
Tue Jun 27 2017 16:03:15 GMT+0100 (BST) GET/user/a0ebf328-0c73-4f22-8930-e013c17d3c2a
Tue Jun 27 2017 16:03:15 GMT+0100 (BST) GET/user/d0bc1cb3-87c2-4d9c-9dde-6a02b40e1ebe
Tue Jun 27 2017 16:03:15 GMT+0100 (BST) GET/user
Tue Jun 27 2017 16:05:32 GMT+0100 (BST) Bound to 8888
Tue Jun 27 2017 16:05:32 GMT+0100 (BST) GET/language/d02e2092-0fb5-4d26-98a0-bfe879d379f8
Tue Jun 27 2017 16:05:32 GMT+0100 (BST) AuthenticationError: Permission denied, try logging in
undefined
Tue Jun 27 2017 16:05:32 GMT+0100 (BST) TypeError: dbCollection.insertOne is not a function
TypeError: dbCollection.insertOne is not a function
    at Object.logError (/home/aaron/arslinguis/libs/logger.js:20:23)
    at /home/aaron/arslinguis/libs/handleRequest.js:33:16
    at _rejected (/home/aaron/arslinguis/node_modules/q/q.js:864:24)
    at /home/aaron/arslinguis/node_modules/q/q.js:890:30
    at Promise.when (/home/aaron/arslinguis/node_modules/q/q.js:1142:31)
    at Promise.promise.promiseDispatch (/home/aaron/arslinguis/node_modules/q/q.js:808:41)
    at /home/aaron/arslinguis/node_modules/q/q.js:624:44
    at runSingle (/home/aaron/arslinguis/node_modules/q/q.js:137:13)
    at flush (/home/aaron/arslinguis/node_modules/q/q.js:125:13)
    at _combinedTickCallback (internal/process/next_tick.js:95:7)
    at process._tickCallback (internal/process/next_tick.js:161:9)
Tue Jun 27 2017 16:10:28 GMT+0100 (BST) Bound to 8888
Tue Jun 27 2017 16:10:29 GMT+0100 (BST) GET/language/d02e2092-0fb5-4d26-98a0-bfe879d379f8
Tue Jun 27 2017 16:10:29 GMT+0100 (BST) AuthenticationError: Permission denied, try logging in
undefined
Tue Jun 27 2017 16:10:29 GMT+0100 (BST) TypeError: dbCollection.insertOne is not a function
TypeError: dbCollection.insertOne is not a function
    at Object.logError (/home/aaron/arslinguis/libs/logger.js:20:23)
    at /home/aaron/arslinguis/libs/handleRequest.js:33:16
    at _rejected (/home/aaron/arslinguis/node_modules/q/q.js:864:24)
    at /home/aaron/arslinguis/node_modules/q/q.js:890:30
    at Promise.when (/home/aaron/arslinguis/node_modules/q/q.js:1142:31)
    at Promise.promise.promiseDispatch (/home/aaron/arslinguis/node_modules/q/q.js:808:41)
    at /home/aaron/arslinguis/node_modules/q/q.js:624:44
    at runSingle (/home/aaron/arslinguis/node_modules/q/q.js:137:13)
    at flush (/home/aaron/arslinguis/node_modules/q/q.js:125:13)
    at _combinedTickCallback (internal/process/next_tick.js:95:7)
    at process._tickCallback (internal/process/next_tick.js:161:9)
Tue Jun 27 2017 16:10:29 GMT+0100 (BST) GET/language/d02e2092-0fb5-4d26-98a0-bfe879d379f8
Tue Jun 27 2017 16:10:29 GMT+0100 (BST) TypeError: repository.retrieveOne is not a function
TypeError: repository.retrieveOne is not a function
    at authenticateSession (/home/aaron/arslinguis/libs/authenticate.js:33:21)
    at authenticate (/home/aaron/arslinguis/libs/authenticate.js:17:12)
    at Q.then.then (/home/aaron/arslinguis/libs/handleRequest.js:19:17)
    at _fulfilled (/home/aaron/arslinguis/node_modules/q/q.js:854:54)
    at self.promiseDispatch.done (/home/aaron/arslinguis/node_modules/q/q.js:883:30)
    at Promise.promise.promiseDispatch (/home/aaron/arslinguis/node_modules/q/q.js:816:13)
    at /home/aaron/arslinguis/node_modules/q/q.js:570:49
    at runSingle (/home/aaron/arslinguis/node_modules/q/q.js:137:13)
    at flush (/home/aaron/arslinguis/node_modules/q/q.js:125:13)
    at _combinedTickCallback (internal/process/next_tick.js:95:7)
    at process._tickCallback (internal/process/next_tick.js:161:9)
Tue Jun 27 2017 16:10:29 GMT+0100 (BST) TypeError: dbCollection.insertOne is not a function
TypeError: dbCollection.insertOne is not a function
    at Object.logError (/home/aaron/arslinguis/libs/logger.js:20:23)
    at /home/aaron/arslinguis/libs/handleRequest.js:33:16
    at _rejected (/home/aaron/arslinguis/node_modules/q/q.js:864:24)
    at /home/aaron/arslinguis/node_modules/q/q.js:890:30
    at Promise.when (/home/aaron/arslinguis/node_modules/q/q.js:1142:31)
    at Promise.promise.promiseDispatch (/home/aaron/arslinguis/node_modules/q/q.js:808:41)
    at /home/aaron/arslinguis/node_modules/q/q.js:624:44
    at runSingle (/home/aaron/arslinguis/node_modules/q/q.js:137:13)
    at flush (/home/aaron/arslinguis/node_modules/q/q.js:125:13)
    at _combinedTickCallback (internal/process/next_tick.js:95:7)
    at process._tickCallback (internal/process/next_tick.js:161:9)
Tue Jun 27 2017 16:10:29 GMT+0100 (BST) GET/user/a0ebf328-0c73-4f22-8930-e013c17d3c2a
Tue Jun 27 2017 16:10:29 GMT+0100 (BST) GET/user/d0bc1cb3-87c2-4d9c-9dde-6a02b40e1ebe
Tue Jun 27 2017 16:10:29 GMT+0100 (BST) GET/user
Tue Jun 27 2017 16:11:13 GMT+0100 (BST) Bound to 8888
Tue Jun 27 2017 16:11:13 GMT+0100 (BST) GET/language/d02e2092-0fb5-4d26-98a0-bfe879d379f8
Tue Jun 27 2017 16:11:13 GMT+0100 (BST) AuthenticationError: Permission denied, try logging in
undefined
Tue Jun 27 2017 16:11:13 GMT+0100 (BST) TypeError: dbCollection.insertOne is not a function
TypeError: dbCollection.insertOne is not a function
    at Object.logError (/home/aaron/arslinguis/libs/logger.js:20:23)
    at /home/aaron/arslinguis/libs/handleRequest.js:33:16
    at _rejected (/home/aaron/arslinguis/node_modules/q/q.js:864:24)
    at /home/aaron/arslinguis/node_modules/q/q.js:890:30
    at Promise.when (/home/aaron/arslinguis/node_modules/q/q.js:1142:31)
    at Promise.promise.promiseDispatch (/home/aaron/arslinguis/node_modules/q/q.js:808:41)
    at /home/aaron/arslinguis/node_modules/q/q.js:624:44
    at runSingle (/home/aaron/arslinguis/node_modules/q/q.js:137:13)
    at flush (/home/aaron/arslinguis/node_modules/q/q.js:125:13)
    at _combinedTickCallback (internal/process/next_tick.js:95:7)
    at process._tickCallback (internal/process/next_tick.js:161:9)
Tue Jun 27 2017 16:11:13 GMT+0100 (BST) GET/language/d02e2092-0fb5-4d26-98a0-bfe879d379f8
Tue Jun 27 2017 16:11:13 GMT+0100 (BST) GET/user/a0ebf328-0c73-4f22-8930-e013c17d3c2a
Tue Jun 27 2017 16:11:13 GMT+0100 (BST) GET/user/d0bc1cb3-87c2-4d9c-9dde-6a02b40e1ebe
Tue Jun 27 2017 16:11:13 GMT+0100 (BST) GET/user
Tue Jun 27 2017 16:25:55 GMT+0100 (BST) Bound to 8888
Tue Jun 27 2017 16:25:55 GMT+0100 (BST) GET/language/d02e2092-0fb5-4d26-98a0-bfe879d379f8
Tue Jun 27 2017 16:25:55 GMT+0100 (BST) TypeError: Cannot read property 'userId' of null
TypeError: Cannot read property 'userId' of null
    at Q.then.then.then.session (/home/aaron/arslinguis/libs/handleRequest.js:21:55)
    at _fulfilled (/home/aaron/arslinguis/node_modules/q/q.js:854:54)
    at self.promiseDispatch.done (/home/aaron/arslinguis/node_modules/q/q.js:883:30)
    at Promise.promise.promiseDispatch (/home/aaron/arslinguis/node_modules/q/q.js:816:13)
    at /home/aaron/arslinguis/node_modules/q/q.js:624:44
    at runSingle (/home/aaron/arslinguis/node_modules/q/q.js:137:13)
    at flush (/home/aaron/arslinguis/node_modules/q/q.js:125:13)
    at _combinedTickCallback (internal/process/next_tick.js:95:7)
    at process._tickCallback (internal/process/next_tick.js:161:9)
Tue Jun 27 2017 16:25:55 GMT+0100 (BST) TypeError: dbCollection.insertOne is not a function
TypeError: dbCollection.insertOne is not a function
    at Object.logError (/home/aaron/arslinguis/libs/logger.js:20:23)
    at /home/aaron/arslinguis/libs/handleRequest.js:33:16
    at _rejected (/home/aaron/arslinguis/node_modules/q/q.js:864:24)
    at /home/aaron/arslinguis/node_modules/q/q.js:890:30
    at Promise.when (/home/aaron/arslinguis/node_modules/q/q.js:1142:31)
    at Promise.promise.promiseDispatch (/home/aaron/arslinguis/node_modules/q/q.js:808:41)
    at /home/aaron/arslinguis/node_modules/q/q.js:624:44
    at runSingle (/home/aaron/arslinguis/node_modules/q/q.js:137:13)
    at flush (/home/aaron/arslinguis/node_modules/q/q.js:125:13)
    at _combinedTickCallback (internal/process/next_tick.js:95:7)
    at process._tickCallback (internal/process/next_tick.js:161:9)
Tue Jun 27 2017 16:25:55 GMT+0100 (BST) GET/language/d02e2092-0fb5-4d26-98a0-bfe879d379f8
Tue Jun 27 2017 16:25:55 GMT+0100 (BST) GET/user/a0ebf328-0c73-4f22-8930-e013c17d3c2a
Tue Jun 27 2017 16:25:55 GMT+0100 (BST) TypeError: Cannot read property 'userId' of null
TypeError: Cannot read property 'userId' of null
    at Q.then.then.then.session (/home/aaron/arslinguis/libs/handleRequest.js:21:55)
    at _fulfilled (/home/aaron/arslinguis/node_modules/q/q.js:854:54)
    at self.promiseDispatch.done (/home/aaron/arslinguis/node_modules/q/q.js:883:30)
    at Promise.promise.promiseDispatch (/home/aaron/arslinguis/node_modules/q/q.js:816:13)
    at /home/aaron/arslinguis/node_modules/q/q.js:624:44
    at runSingle (/home/aaron/arslinguis/node_modules/q/q.js:137:13)
    at flush (/home/aaron/arslinguis/node_modules/q/q.js:125:13)
    at _combinedTickCallback (internal/process/next_tick.js:95:7)
    at process._tickCallback (internal/process/next_tick.js:161:9)
Tue Jun 27 2017 16:25:55 GMT+0100 (BST) TypeError: dbCollection.insertOne is not a function
TypeError: dbCollection.insertOne is not a function
    at Object.logError (/home/aaron/arslinguis/libs/logger.js:20:23)
    at /home/aaron/arslinguis/libs/handleRequest.js:33:16
    at _rejected (/home/aaron/arslinguis/node_modules/q/q.js:864:24)
    at /home/aaron/arslinguis/node_modules/q/q.js:890:30
    at Promise.when (/home/aaron/arslinguis/node_modules/q/q.js:1142:31)
    at Promise.promise.promiseDispatch (/home/aaron/arslinguis/node_modules/q/q.js:808:41)
    at /home/aaron/arslinguis/node_modules/q/q.js:624:44
    at runSingle (/home/aaron/arslinguis/node_modules/q/q.js:137:13)
    at flush (/home/aaron/arslinguis/node_modules/q/q.js:125:13)
    at _combinedTickCallback (internal/process/next_tick.js:95:7)
    at process._tickCallback (internal/process/next_tick.js:161:9)
Tue Jun 27 2017 16:25:55 GMT+0100 (BST) GET/user/d0bc1cb3-87c2-4d9c-9dde-6a02b40e1ebe
Tue Jun 27 2017 16:25:55 GMT+0100 (BST) TypeError: Cannot read property 'userId' of null
TypeError: Cannot read property 'userId' of null
    at Q.then.then.then.session (/home/aaron/arslinguis/libs/handleRequest.js:21:55)
    at _fulfilled (/home/aaron/arslinguis/node_modules/q/q.js:854:54)
    at self.promiseDispatch.done (/home/aaron/arslinguis/node_modules/q/q.js:883:30)
    at Promise.promise.promiseDispatch (/home/aaron/arslinguis/node_modules/q/q.js:816:13)
    at /home/aaron/arslinguis/node_modules/q/q.js:624:44
    at runSingle (/home/aaron/arslinguis/node_modules/q/q.js:137:13)
    at flush (/home/aaron/arslinguis/node_modules/q/q.js:125:13)
    at _combinedTickCallback (internal/process/next_tick.js:95:7)
    at process._tickCallback (internal/process/next_tick.js:161:9)
Tue Jun 27 2017 16:25:55 GMT+0100 (BST) TypeError: dbCollection.insertOne is not a function
TypeError: dbCollection.insertOne is not a function
    at Object.logError (/home/aaron/arslinguis/libs/logger.js:20:23)
    at /home/aaron/arslinguis/libs/handleRequest.js:33:16
    at _rejected (/home/aaron/arslinguis/node_modules/q/q.js:864:24)
    at /home/aaron/arslinguis/node_modules/q/q.js:890:30
    at Promise.when (/home/aaron/arslinguis/node_modules/q/q.js:1142:31)
    at Promise.promise.promiseDispatch (/home/aaron/arslinguis/node_modules/q/q.js:808:41)
    at /home/aaron/arslinguis/node_modules/q/q.js:624:44
    at runSingle (/home/aaron/arslinguis/node_modules/q/q.js:137:13)
    at flush (/home/aaron/arslinguis/node_modules/q/q.js:125:13)
    at _combinedTickCallback (internal/process/next_tick.js:95:7)
    at process._tickCallback (internal/process/next_tick.js:161:9)
Tue Jun 27 2017 16:25:55 GMT+0100 (BST) GET/user
Tue Jun 27 2017 16:25:55 GMT+0100 (BST) TypeError: Cannot read property 'userId' of null
TypeError: Cannot read property 'userId' of null
    at Q.then.then.then.session (/home/aaron/arslinguis/libs/handleRequest.js:21:55)
    at _fulfilled (/home/aaron/arslinguis/node_modules/q/q.js:854:54)
    at self.promiseDispatch.done (/home/aaron/arslinguis/node_modules/q/q.js:883:30)
    at Promise.promise.promiseDispatch (/home/aaron/arslinguis/node_modules/q/q.js:816:13)
    at /home/aaron/arslinguis/node_modules/q/q.js:624:44
    at runSingle (/home/aaron/arslinguis/node_modules/q/q.js:137:13)
    at flush (/home/aaron/arslinguis/node_modules/q/q.js:125:13)
    at _combinedTickCallback (internal/process/next_tick.js:95:7)
    at process._tickCallback (internal/process/next_tick.js:161:9)
Tue Jun 27 2017 16:25:55 GMT+0100 (BST) TypeError: dbCollection.insertOne is not a function
TypeError: dbCollection.insertOne is not a function
    at Object.logError (/home/aaron/arslinguis/libs/logger.js:20:23)
    at /home/aaron/arslinguis/libs/handleRequest.js:33:16
    at _rejected (/home/aaron/arslinguis/node_modules/q/q.js:864:24)
    at /home/aaron/arslinguis/node_modules/q/q.js:890:30
    at Promise.when (/home/aaron/arslinguis/node_modules/q/q.js:1142:31)
    at Promise.promise.promiseDispatch (/home/aaron/arslinguis/node_modules/q/q.js:808:41)
    at /home/aaron/arslinguis/node_modules/q/q.js:624:44
    at runSingle (/home/aaron/arslinguis/node_modules/q/q.js:137:13)
    at flush (/home/aaron/arslinguis/node_modules/q/q.js:125:13)
    at _combinedTickCallback (internal/process/next_tick.js:95:7)
    at process._tickCallback (internal/process/next_tick.js:161:9)
Tue Jun 27 2017 16:32:08 GMT+0100 (BST) Bound to 8888
Tue Jun 27 2017 16:32:08 GMT+0100 (BST) GET/language/d02e2092-0fb5-4d26-98a0-bfe879d379f8
Tue Jun 27 2017 16:33:43 GMT+0100 (BST) AuthenticationError: Permission denied, try logging in
undefined
Tue Jun 27 2017 16:33:43 GMT+0100 (BST) TypeError: dbCollection.insertOne is not a function
TypeError: dbCollection.insertOne is not a function
    at Object.logError (/home/aaron/arslinguis/libs/logger.js:20:23)
    at /home/aaron/arslinguis/libs/handleRequest.js:33:16
    at _rejected (/home/aaron/arslinguis/node_modules/q/q.js:864:24)
    at /home/aaron/arslinguis/node_modules/q/q.js:890:30
    at Promise.when (/home/aaron/arslinguis/node_modules/q/q.js:1142:31)
    at Promise.promise.promiseDispatch (/home/aaron/arslinguis/node_modules/q/q.js:808:41)
    at /home/aaron/arslinguis/node_modules/q/q.js:624:44
    at runSingle (/home/aaron/arslinguis/node_modules/q/q.js:137:13)
    at flush (/home/aaron/arslinguis/node_modules/q/q.js:125:13)
    at _combinedTickCallback (internal/process/next_tick.js:95:7)
    at process._tickCallback (internal/process/next_tick.js:161:9)
Tue Jun 27 2017 16:33:56 GMT+0100 (BST) GET/language/d02e2092-0fb5-4d26-98a0-bfe879d379f8
Tue Jun 27 2017 16:34:23 GMT+0100 (BST) Bound to 8888
Tue Jun 27 2017 16:34:23 GMT+0100 (BST) GET/language/d02e2092-0fb5-4d26-98a0-bfe879d379f8
Tue Jun 27 2017 16:35:30 GMT+0100 (BST) AuthenticationError: Permission denied, try logging in
undefined
Tue Jun 27 2017 16:35:41 GMT+0100 (BST) TypeError: dbCollection.insertOne is not a function
TypeError: dbCollection.insertOne is not a function
    at Object.logError (/home/aaron/arslinguis/libs/logger.js:20:23)
    at /home/aaron/arslinguis/libs/handleRequest.js:33:16
    at _rejected (/home/aaron/arslinguis/node_modules/q/q.js:864:24)
    at /home/aaron/arslinguis/node_modules/q/q.js:890:30
    at Promise.when (/home/aaron/arslinguis/node_modules/q/q.js:1142:31)
    at Promise.promise.promiseDispatch (/home/aaron/arslinguis/node_modules/q/q.js:808:41)
    at /home/aaron/arslinguis/node_modules/q/q.js:624:44
    at runSingle (/home/aaron/arslinguis/node_modules/q/q.js:137:13)
    at flush (/home/aaron/arslinguis/node_modules/q/q.js:125:13)
    at _combinedTickCallback (internal/process/next_tick.js:95:7)
    at process._tickCallback (internal/process/next_tick.js:161:9)
Tue Jun 27 2017 16:35:43 GMT+0100 (BST) GET/language/d02e2092-0fb5-4d26-98a0-bfe879d379f8
Tue Jun 27 2017 16:35:48 GMT+0100 (BST) GET/user/a0ebf328-0c73-4f22-8930-e013c17d3c2a
Tue Jun 27 2017 16:35:48 GMT+0100 (BST) GET/user/d0bc1cb3-87c2-4d9c-9dde-6a02b40e1ebe
Tue Jun 27 2017 16:35:48 GMT+0100 (BST) GET/user
Fri Jun 30 2017 10:37:13 GMT+0100 (BST) Bound to 8888
Fri Jun 30 2017 10:37:35 GMT+0100 (BST) Bound to 8888
Fri Jun 30 2017 10:37:35 GMT+0100 (BST) GET/language/d02e2092-0fb5-4d26-98a0-bfe879d379f8
Fri Jun 30 2017 10:37:35 GMT+0100 (BST) AuthenticationError: Permission denied, try logging in
undefined
Fri Jun 30 2017 10:37:35 GMT+0100 (BST) TypeError: dbCollection.insertOne is not a function
TypeError: dbCollection.insertOne is not a function
    at Object.logError (/home/aaron/arslinguis/libs/logger.js:20:23)
    at /home/aaron/arslinguis/libs/handleRequest.js:33:16
    at _rejected (/home/aaron/arslinguis/node_modules/q/q.js:864:24)
    at /home/aaron/arslinguis/node_modules/q/q.js:890:30
    at Promise.when (/home/aaron/arslinguis/node_modules/q/q.js:1142:31)
    at Promise.promise.promiseDispatch (/home/aaron/arslinguis/node_modules/q/q.js:808:41)
    at /home/aaron/arslinguis/node_modules/q/q.js:624:44
    at runSingle (/home/aaron/arslinguis/node_modules/q/q.js:137:13)
    at flush (/home/aaron/arslinguis/node_modules/q/q.js:125:13)
    at _combinedTickCallback (internal/process/next_tick.js:95:7)
    at process._tickCallback (internal/process/next_tick.js:161:9)
Fri Jun 30 2017 10:37:35 GMT+0100 (BST) GET/language/d02e2092-0fb5-4d26-98a0-bfe879d379f8
Fri Jun 30 2017 10:37:35 GMT+0100 (BST) GET/user/a0ebf328-0c73-4f22-8930-e013c17d3c2a
Fri Jun 30 2017 10:37:35 GMT+0100 (BST) GET/user/d0bc1cb3-87c2-4d9c-9dde-6a02b40e1ebe
Fri Jun 30 2017 10:37:35 GMT+0100 (BST) GET/user
Fri Jun 30 2017 10:40:40 GMT+0100 (BST) Bound to 8888
Fri Jun 30 2017 10:53:59 GMT+0100 (BST) Bound to 8888
Fri Jun 30 2017 10:53:59 GMT+0100 (BST) GET/language/d02e2092-0fb5-4d26-98a0-bfe879d379f8
Fri Jun 30 2017 10:53:59 GMT+0100 (BST) AuthenticationError: Permission denied, try logging in
undefined
Fri Jun 30 2017 10:53:59 GMT+0100 (BST) TypeError: db.errorLogs.insertOne is not a function
TypeError: db.errorLogs.insertOne is not a function
    at Object.logError (/home/aaron/arslinguis/libs/logger.js:19:23)
    at /home/aaron/arslinguis/libs/handleRequest.js:33:16
    at _rejected (/home/aaron/arslinguis/node_modules/q/q.js:864:24)
    at /home/aaron/arslinguis/node_modules/q/q.js:890:30
    at Promise.when (/home/aaron/arslinguis/node_modules/q/q.js:1142:31)
    at Promise.promise.promiseDispatch (/home/aaron/arslinguis/node_modules/q/q.js:808:41)
    at /home/aaron/arslinguis/node_modules/q/q.js:624:44
    at runSingle (/home/aaron/arslinguis/node_modules/q/q.js:137:13)
    at flush (/home/aaron/arslinguis/node_modules/q/q.js:125:13)
    at _combinedTickCallback (internal/process/next_tick.js:95:7)
    at process._tickCallback (internal/process/next_tick.js:161:9)
Fri Jun 30 2017 10:53:59 GMT+0100 (BST) GET/language/d02e2092-0fb5-4d26-98a0-bfe879d379f8
Fri Jun 30 2017 10:53:59 GMT+0100 (BST) GET/user/a0ebf328-0c73-4f22-8930-e013c17d3c2a
Fri Jun 30 2017 10:53:59 GMT+0100 (BST) GET/user/d0bc1cb3-87c2-4d9c-9dde-6a02b40e1ebe
Fri Jun 30 2017 10:53:59 GMT+0100 (BST) GET/user
Fri Jun 30 2017 10:55:28 GMT+0100 (BST) Bound to 8888
Fri Jun 30 2017 10:55:28 GMT+0100 (BST) GET/language/d02e2092-0fb5-4d26-98a0-bfe879d379f8
Fri Jun 30 2017 10:55:34 GMT+0100 (BST) AuthenticationError: Permission denied, try logging in
undefined
Fri Jun 30 2017 10:55:34 GMT+0100 (BST) TypeError: db.errorLogs.insertOne is not a function
TypeError: db.errorLogs.insertOne is not a function
    at Object.logError (/home/aaron/arslinguis/libs/logger.js:19:23)
    at /home/aaron/arslinguis/libs/handleRequest.js:33:16
    at _rejected (/home/aaron/arslinguis/node_modules/q/q.js:864:24)
    at /home/aaron/arslinguis/node_modules/q/q.js:890:30
    at Promise.when (/home/aaron/arslinguis/node_modules/q/q.js:1142:31)
    at Promise.promise.promiseDispatch (/home/aaron/arslinguis/node_modules/q/q.js:808:41)
    at /home/aaron/arslinguis/node_modules/q/q.js:624:44
    at runSingle (/home/aaron/arslinguis/node_modules/q/q.js:137:13)
    at flush (/home/aaron/arslinguis/node_modules/q/q.js:125:13)
    at _combinedTickCallback (internal/process/next_tick.js:95:7)
    at process._tickCallback (internal/process/next_tick.js:161:9)
Fri Jun 30 2017 10:55:49 GMT+0100 (BST) GET/language/d02e2092-0fb5-4d26-98a0-bfe879d379f8
Fri Jun 30 2017 10:56:00 GMT+0100 (BST) Bound to 8888
Fri Jun 30 2017 10:56:00 GMT+0100 (BST) GET/language/d02e2092-0fb5-4d26-98a0-bfe879d379f8
Fri Jun 30 2017 10:56:04 GMT+0100 (BST) AuthenticationError: Permission denied, try logging in
undefined
Fri Jun 30 2017 10:56:33 GMT+0100 (BST) TypeError: db.errorLogs.insertOne is not a function
TypeError: db.errorLogs.insertOne is not a function
    at Object.logError (/home/aaron/arslinguis/libs/logger.js:19:23)
    at /home/aaron/arslinguis/libs/handleRequest.js:33:16
    at _rejected (/home/aaron/arslinguis/node_modules/q/q.js:864:24)
    at /home/aaron/arslinguis/node_modules/q/q.js:890:30
    at Promise.when (/home/aaron/arslinguis/node_modules/q/q.js:1142:31)
    at Promise.promise.promiseDispatch (/home/aaron/arslinguis/node_modules/q/q.js:808:41)
    at /home/aaron/arslinguis/node_modules/q/q.js:624:44
    at runSingle (/home/aaron/arslinguis/node_modules/q/q.js:137:13)
    at flush (/home/aaron/arslinguis/node_modules/q/q.js:125:13)
    at _combinedTickCallback (internal/process/next_tick.js:95:7)
    at process._tickCallback (internal/process/next_tick.js:161:9)
Fri Jun 30 2017 10:56:33 GMT+0100 (BST) GET/language/d02e2092-0fb5-4d26-98a0-bfe879d379f8
Fri Jun 30 2017 10:56:33 GMT+0100 (BST) GET/user/a0ebf328-0c73-4f22-8930-e013c17d3c2a
Fri Jun 30 2017 10:56:33 GMT+0100 (BST) GET/user/d0bc1cb3-87c2-4d9c-9dde-6a02b40e1ebe
Fri Jun 30 2017 10:56:33 GMT+0100 (BST) GET/user
Fri Jun 30 2017 10:58:43 GMT+0100 (BST) Bound to 8888
Fri Jun 30 2017 10:58:43 GMT+0100 (BST) GET/language/d02e2092-0fb5-4d26-98a0-bfe879d379f8
Fri Jun 30 2017 10:58:43 GMT+0100 (BST) AuthenticationError: Permission denied, try logging in
undefined
Fri Jun 30 2017 10:58:43 GMT+0100 (BST) TypeError: db.errorLogs.insertOne is not a function
TypeError: db.errorLogs.insertOne is not a function
    at Object.logError (/home/aaron/arslinguis/libs/logger.js:19:23)
    at /home/aaron/arslinguis/libs/handleRequest.js:33:16
    at _rejected (/home/aaron/arslinguis/node_modules/q/q.js:864:24)
    at /home/aaron/arslinguis/node_modules/q/q.js:890:30
    at Promise.when (/home/aaron/arslinguis/node_modules/q/q.js:1142:31)
    at Promise.promise.promiseDispatch (/home/aaron/arslinguis/node_modules/q/q.js:808:41)
    at /home/aaron/arslinguis/node_modules/q/q.js:624:44
    at runSingle (/home/aaron/arslinguis/node_modules/q/q.js:137:13)
    at flush (/home/aaron/arslinguis/node_modules/q/q.js:125:13)
    at _combinedTickCallback (internal/process/next_tick.js:95:7)
    at process._tickCallback (internal/process/next_tick.js:161:9)
Fri Jun 30 2017 10:58:43 GMT+0100 (BST) GET/language/d02e2092-0fb5-4d26-98a0-bfe879d379f8
Fri Jun 30 2017 10:58:43 GMT+0100 (BST) GET/user/a0ebf328-0c73-4f22-8930-e013c17d3c2a
Fri Jun 30 2017 10:58:43 GMT+0100 (BST) GET/user/d0bc1cb3-87c2-4d9c-9dde-6a02b40e1ebe
Fri Jun 30 2017 10:58:43 GMT+0100 (BST) GET/user
Fri Jun 30 2017 11:06:03 GMT+0100 (BST) Bound to 8888
Fri Jun 30 2017 11:06:03 GMT+0100 (BST) GET/language/d02e2092-0fb5-4d26-98a0-bfe879d379f8
Fri Jun 30 2017 11:06:03 GMT+0100 (BST) AuthenticationError: Permission denied, try logging in
undefined
Fri Jun 30 2017 11:06:03 GMT+0100 (BST) GET/language/d02e2092-0fb5-4d26-98a0-bfe879d379f8
Fri Jun 30 2017 11:06:04 GMT+0100 (BST) GET/user/a0ebf328-0c73-4f22-8930-e013c17d3c2a
Fri Jun 30 2017 11:06:04 GMT+0100 (BST) GET/user/d0bc1cb3-87c2-4d9c-9dde-6a02b40e1ebe
Fri Jun 30 2017 11:06:04 GMT+0100 (BST) GET/user
Fri Jun 30 2017 11:09:50 GMT+0100 (BST) Bound to 8888
Fri Jun 30 2017 11:09:50 GMT+0100 (BST) GET/language/d02e2092-0fb5-4d26-98a0-bfe879d379f8
Fri Jun 30 2017 11:09:59 GMT+0100 (BST) AuthenticationError: Permission denied, try logging in
undefined
Fri Jun 30 2017 11:10:01 GMT+0100 (BST) GET/language/d02e2092-0fb5-4d26-98a0-bfe879d379f8
Fri Jun 30 2017 11:11:12 GMT+0100 (BST) GET/user/a0ebf328-0c73-4f22-8930-e013c17d3c2a
Fri Jun 30 2017 11:11:19 GMT+0100 (BST) GET/user/d0bc1cb3-87c2-4d9c-9dde-6a02b40e1ebe
Fri Jun 30 2017 11:11:19 GMT+0100 (BST) GET/user
Fri Jun 30 2017 11:13:36 GMT+0100 (BST) Bound to 8888
Fri Jun 30 2017 11:13:36 GMT+0100 (BST) GET/language/d02e2092-0fb5-4d26-98a0-bfe879d379f8
Fri Jun 30 2017 11:13:39 GMT+0100 (BST) AuthenticationError: Permission denied, try logging in
undefined
Fri Jun 30 2017 11:13:56 GMT+0100 (BST) GET/language/d02e2092-0fb5-4d26-98a0-bfe879d379f8
Fri Jun 30 2017 11:14:08 GMT+0100 (BST) GET/user/a0ebf328-0c73-4f22-8930-e013c17d3c2a
Fri Jun 30 2017 11:14:08 GMT+0100 (BST) GET/user/d0bc1cb3-87c2-4d9c-9dde-6a02b40e1ebe
Fri Jun 30 2017 11:14:08 GMT+0100 (BST) GET/user
Fri Jun 30 2017 11:14:52 GMT+0100 (BST) Bound to 8888
Fri Jun 30 2017 11:14:58 GMT+0100 (BST) Bound to 8888
Fri Jun 30 2017 11:15:07 GMT+0100 (BST) Bound to 8888
Fri Jun 30 2017 11:17:55 GMT+0100 (BST) Bound to 8888
Fri Jun 30 2017 11:17:55 GMT+0100 (BST) GET/language/d02e2092-0fb5-4d26-98a0-bfe879d379f8
Fri Jun 30 2017 11:17:55 GMT+0100 (BST) AuthenticationError: Permission denied, try logging in
undefined
Fri Jun 30 2017 11:17:55 GMT+0100 (BST) GET/language/d02e2092-0fb5-4d26-98a0-bfe879d379f8
Fri Jun 30 2017 11:17:55 GMT+0100 (BST) GET/user/a0ebf328-0c73-4f22-8930-e013c17d3c2a
Fri Jun 30 2017 11:17:55 GMT+0100 (BST) GET/user/d0bc1cb3-87c2-4d9c-9dde-6a02b40e1ebe
Fri Jun 30 2017 11:17:55 GMT+0100 (BST) GET/user
Fri Jun 30 2017 11:18:27 GMT+0100 (BST) Bound to 8888
Fri Jun 30 2017 11:18:27 GMT+0100 (BST) AuthenticationError: Permission denied, try logging in
undefined
Fri Jun 30 2017 11:18:27 GMT+0100 (BST) GET/language/d02e2092-0fb5-4d26-98a0-bfe879d379f8
Fri Jun 30 2017 11:18:27 GMT+0100 (BST) GET/language/d02e2092-0fb5-4d26-98a0-bfe879d379f8
Fri Jun 30 2017 11:18:47 GMT+0100 (BST) Bound to 8888
Fri Jun 30 2017 11:18:47 GMT+0100 (BST) GET/language/d02e2092-0fb5-4d26-98a0-bfe879d379f8
Fri Jun 30 2017 11:18:47 GMT+0100 (BST) AuthenticationError: Permission denied, try logging in
undefined
Fri Jun 30 2017 11:18:47 GMT+0100 (BST) GET/language/d02e2092-0fb5-4d26-98a0-bfe879d379f8
Fri Jun 30 2017 11:18:47 GMT+0100 (BST) GET/user/a0ebf328-0c73-4f22-8930-e013c17d3c2a
Fri Jun 30 2017 11:18:47 GMT+0100 (BST) GET/user/d0bc1cb3-87c2-4d9c-9dde-6a02b40e1ebe
Fri Jun 30 2017 11:18:47 GMT+0100 (BST) GET/user
Fri Jun 30 2017 11:19:04 GMT+0100 (BST) Bound to 8888
Fri Jun 30 2017 11:19:04 GMT+0100 (BST) GET/language/d02e2092-0fb5-4d26-98a0-bfe879d379f8
Fri Jun 30 2017 11:19:04 GMT+0100 (BST) AuthenticationError: Permission denied, try logging in
undefined
Fri Jun 30 2017 11:19:04 GMT+0100 (BST) GET/language/d02e2092-0fb5-4d26-98a0-bfe879d379f8
Fri Jun 30 2017 11:19:04 GMT+0100 (BST) GET/user/a0ebf328-0c73-4f22-8930-e013c17d3c2a
Fri Jun 30 2017 11:19:04 GMT+0100 (BST) GET/user/d0bc1cb3-87c2-4d9c-9dde-6a02b40e1ebe
Fri Jun 30 2017 11:19:04 GMT+0100 (BST) GET/user
Fri Jun 30 2017 11:22:38 GMT+0100 (BST) Bound to 8888
Fri Jun 30 2017 11:22:38 GMT+0100 (BST) GET/language/d02e2092-0fb5-4d26-98a0-bfe879d379f8
Fri Jun 30 2017 11:22:38 GMT+0100 (BST) AuthenticationError: Permission denied, try logging in
undefined
Fri Jun 30 2017 11:22:38 GMT+0100 (BST) GET/language/d02e2092-0fb5-4d26-98a0-bfe879d379f8
Fri Jun 30 2017 11:22:39 GMT+0100 (BST) GET/user/a0ebf328-0c73-4f22-8930-e013c17d3c2a
Fri Jun 30 2017 11:22:39 GMT+0100 (BST) GET/user/d0bc1cb3-87c2-4d9c-9dde-6a02b40e1ebe
Fri Jun 30 2017 11:22:39 GMT+0100 (BST) GET/user
Fri Jun 30 2017 11:24:00 GMT+0100 (BST) Bound to 8888
Fri Jun 30 2017 11:24:04 GMT+0100 (BST) Bound to 8888
Fri Jun 30 2017 11:24:07 GMT+0100 (BST) Bound to 8888
Fri Jun 30 2017 11:24:07 GMT+0100 (BST) GET/language/d02e2092-0fb5-4d26-98a0-bfe879d379f8
Fri Jun 30 2017 11:24:07 GMT+0100 (BST) AuthenticationError: Permission denied, try logging in
undefined
Fri Jun 30 2017 11:24:07 GMT+0100 (BST) GET/language/d02e2092-0fb5-4d26-98a0-bfe879d379f8
Fri Jun 30 2017 11:24:07 GMT+0100 (BST) GET/user/a0ebf328-0c73-4f22-8930-e013c17d3c2a
Fri Jun 30 2017 11:24:07 GMT+0100 (BST) GET/user/d0bc1cb3-87c2-4d9c-9dde-6a02b40e1ebe
Fri Jun 30 2017 11:24:07 GMT+0100 (BST) GET/user
Fri Jun 30 2017 11:24:17 GMT+0100 (BST) Bound to 8888
Fri Jun 30 2017 11:24:17 GMT+0100 (BST) AuthenticationError: Permission denied, try logging in
undefined
Fri Jun 30 2017 11:24:17 GMT+0100 (BST) GET/language/d02e2092-0fb5-4d26-98a0-bfe879d379f8
Fri Jun 30 2017 11:24:17 GMT+0100 (BST) GET/language/d02e2092-0fb5-4d26-98a0-bfe879d379f8
Fri Jun 30 2017 11:24:18 GMT+0100 (BST) GET/user/a0ebf328-0c73-4f22-8930-e013c17d3c2a
Fri Jun 30 2017 11:24:18 GMT+0100 (BST) GET/user/d0bc1cb3-87c2-4d9c-9dde-6a02b40e1ebe
Fri Jun 30 2017 11:24:18 GMT+0100 (BST) GET/user
Fri Jun 30 2017 11:29:49 GMT+0100 (BST) Bound to 8888
Fri Jun 30 2017 11:29:49 GMT+0100 (BST) GET/language/d02e2092-0fb5-4d26-98a0-bfe879d379f8
Fri Jun 30 2017 11:29:49 GMT+0100 (BST) AuthenticationError: Permission denied, try logging in
undefined
Fri Jun 30 2017 11:29:49 GMT+0100 (BST) GET/language/d02e2092-0fb5-4d26-98a0-bfe879d379f8
Fri Jun 30 2017 11:29:49 GMT+0100 (BST) GET/user/a0ebf328-0c73-4f22-8930-e013c17d3c2a
Fri Jun 30 2017 11:29:49 GMT+0100 (BST) GET/user/d0bc1cb3-87c2-4d9c-9dde-6a02b40e1ebe
Fri Jun 30 2017 11:29:49 GMT+0100 (BST) GET/user
Fri Jun 30 2017 11:31:30 GMT+0100 (BST) Bound to 8888
Fri Jun 30 2017 11:31:31 GMT+0100 (BST) GET/language/d02e2092-0fb5-4d26-98a0-bfe879d379f8
Fri Jun 30 2017 11:31:31 GMT+0100 (BST) AuthenticationError: Permission denied, try logging in
undefined
Fri Jun 30 2017 11:31:31 GMT+0100 (BST) GET/language/d02e2092-0fb5-4d26-98a0-bfe879d379f8
Fri Jun 30 2017 11:31:31 GMT+0100 (BST) GET/user/a0ebf328-0c73-4f22-8930-e013c17d3c2a
Fri Jun 30 2017 11:31:31 GMT+0100 (BST) GET/user/d0bc1cb3-87c2-4d9c-9dde-6a02b40e1ebe
Fri Jun 30 2017 11:31:31 GMT+0100 (BST) GET/user
Fri Jun 30 2017 11:32:02 GMT+0100 (BST) Bound to 8888
Fri Jun 30 2017 11:32:02 GMT+0100 (BST) GET/language/d02e2092-0fb5-4d26-98a0-bfe879d379f8
Fri Jun 30 2017 11:32:17 GMT+0100 (BST) AuthenticationError: Permission denied, try logging in
undefined
Fri Jun 30 2017 11:32:31 GMT+0100 (BST) GET/language/d02e2092-0fb5-4d26-98a0-bfe879d379f8
Fri Jun 30 2017 11:34:04 GMT+0100 (BST) GET/user/a0ebf328-0c73-4f22-8930-e013c17d3c2a
Fri Jun 30 2017 11:45:39 GMT+0100 (BST) Bound to 8888
Fri Jun 30 2017 11:57:05 GMT+0100 (BST) Bound to 8888
Fri Jun 30 2017 12:03:25 GMT+0100 (BST) Bound to 8888
Fri Jun 30 2017 12:03:25 GMT+0100 (BST) GET/language/d02e2092-0fb5-4d26-98a0-bfe879d379f8
Fri Jun 30 2017 12:03:27 GMT+0100 (BST) AuthenticationError: Permission denied, try logging in
undefined
Fri Jun 30 2017 12:03:31 GMT+0100 (BST) GET/language/d02e2092-0fb5-4d26-98a0-bfe879d379f8
Fri Jun 30 2017 12:14:20 GMT+0100 (BST) Bound to 8888
Fri Jun 30 2017 12:14:20 GMT+0100 (BST) GET/language/d02e2092-0fb5-4d26-98a0-bfe879d379f8
Fri Jun 30 2017 12:14:20 GMT+0100 (BST) AuthenticationError: Permission denied, try logging in
undefined
Fri Jun 30 2017 12:14:20 GMT+0100 (BST) GET/language/d02e2092-0fb5-4d26-98a0-bfe879d379f8
Fri Jun 30 2017 12:14:20 GMT+0100 (BST) GET/user/a0ebf328-0c73-4f22-8930-e013c17d3c2a
Fri Jun 30 2017 12:14:20 GMT+0100 (BST) GET/user/d0bc1cb3-87c2-4d9c-9dde-6a02b40e1ebe
Fri Jun 30 2017 12:14:20 GMT+0100 (BST) GET/user
Fri Jun 30 2017 12:17:06 GMT+0100 (BST) Bound to 8888
Fri Jun 30 2017 12:17:06 GMT+0100 (BST) GET/language/d02e2092-0fb5-4d26-98a0-bfe879d379f8
Fri Jun 30 2017 12:17:06 GMT+0100 (BST) AuthenticationError: Permission denied, try logging in
undefined
Fri Jun 30 2017 12:17:06 GMT+0100 (BST) GET/language/d02e2092-0fb5-4d26-98a0-bfe879d379f8
Fri Jun 30 2017 12:17:06 GMT+0100 (BST) GET/user/a0ebf328-0c73-4f22-8930-e013c17d3c2a
Fri Jun 30 2017 12:17:06 GMT+0100 (BST) GET/user/d0bc1cb3-87c2-4d9c-9dde-6a02b40e1ebe
Fri Jun 30 2017 12:17:06 GMT+0100 (BST) GET/user
Fri Jun 30 2017 12:40:13 GMT+0100 (BST) Bound to 8888
Fri Jun 30 2017 12:40:14 GMT+0100 (BST) GET/language/d02e2092-0fb5-4d26-98a0-bfe879d379f8
Fri Jun 30 2017 12:40:14 GMT+0100 (BST) AuthenticationError: Permission denied, try logging in
undefined
Fri Jun 30 2017 12:40:14 GMT+0100 (BST) GET/language/d02e2092-0fb5-4d26-98a0-bfe879d379f8
Fri Jun 30 2017 12:40:14 GMT+0100 (BST) GET/user/a0ebf328-0c73-4f22-8930-e013c17d3c2a
Fri Jun 30 2017 12:40:14 GMT+0100 (BST) GET/user/d0bc1cb3-87c2-4d9c-9dde-6a02b40e1ebe
Fri Jun 30 2017 12:40:14 GMT+0100 (BST) GET/user
Fri Jun 30 2017 12:40:33 GMT+0100 (BST) Bound to 8888
Fri Jun 30 2017 12:40:33 GMT+0100 (BST) AuthenticationError: Permission denied, try logging in
undefined
Fri Jun 30 2017 12:40:33 GMT+0100 (BST) GET/language/d02e2092-0fb5-4d26-98a0-bfe879d379f8
Fri Jun 30 2017 12:40:33 GMT+0100 (BST) GET/language/d02e2092-0fb5-4d26-98a0-bfe879d379f8
Fri Jun 30 2017 12:40:33 GMT+0100 (BST) GET/user/a0ebf328-0c73-4f22-8930-e013c17d3c2a
Fri Jun 30 2017 12:40:33 GMT+0100 (BST) GET/user/d0bc1cb3-87c2-4d9c-9dde-6a02b40e1ebe
Fri Jun 30 2017 12:40:33 GMT+0100 (BST) GET/user
Fri Jun 30 2017 12:43:06 GMT+0100 (BST) Bound to 8888
Fri Jun 30 2017 12:43:06 GMT+0100 (BST) GET/language/d02e2092-0fb5-4d26-98a0-bfe879d379f8
Fri Jun 30 2017 12:43:06 GMT+0100 (BST) AuthenticationError: Permission denied, try logging in
undefined
Fri Jun 30 2017 12:43:06 GMT+0100 (BST) GET/language/d02e2092-0fb5-4d26-98a0-bfe879d379f8
Fri Jun 30 2017 12:43:06 GMT+0100 (BST) GET/user/a0ebf328-0c73-4f22-8930-e013c17d3c2a
Fri Jun 30 2017 12:43:06 GMT+0100 (BST) GET/user/d0bc1cb3-87c2-4d9c-9dde-6a02b40e1ebe
Fri Jun 30 2017 12:43:06 GMT+0100 (BST) GET/user
Fri Jun 30 2017 12:51:10 GMT+0100 (BST) Bound to 8888
Fri Jun 30 2017 12:51:10 GMT+0100 (BST) GET/language/d02e2092-0fb5-4d26-98a0-bfe879d379f8
Fri Jun 30 2017 12:51:11 GMT+0100 (BST) AuthenticationError: Permission denied, try logging in
undefined
Fri Jun 30 2017 12:51:11 GMT+0100 (BST) GET/language/d02e2092-0fb5-4d26-98a0-bfe879d379f8
Fri Jun 30 2017 12:51:11 GMT+0100 (BST) ReferenceError: html is not defined
ReferenceError: html is not defined
    at /home/aaron/arslinguis/libs/handleRequest.js:31:26
    at _fulfilled (/home/aaron/arslinguis/node_modules/q/q.js:854:54)
    at self.promiseDispatch.done (/home/aaron/arslinguis/node_modules/q/q.js:883:30)
    at Promise.promise.promiseDispatch (/home/aaron/arslinguis/node_modules/q/q.js:816:13)
    at /home/aaron/arslinguis/node_modules/q/q.js:624:44
    at runSingle (/home/aaron/arslinguis/node_modules/q/q.js:137:13)
    at flush (/home/aaron/arslinguis/node_modules/q/q.js:125:13)
    at _combinedTickCallback (internal/process/next_tick.js:95:7)
    at process._tickCallback (internal/process/next_tick.js:161:9)
Fri Jun 30 2017 12:51:11 GMT+0100 (BST) GET/user/a0ebf328-0c73-4f22-8930-e013c17d3c2a
Fri Jun 30 2017 12:51:11 GMT+0100 (BST) GET/user/d0bc1cb3-87c2-4d9c-9dde-6a02b40e1ebe
Fri Jun 30 2017 12:51:11 GMT+0100 (BST) GET/user
Fri Jun 30 2017 12:53:03 GMT+0100 (BST) Bound to 8888
Fri Jun 30 2017 12:53:03 GMT+0100 (BST) GET/language/d02e2092-0fb5-4d26-98a0-bfe879d379f8
Fri Jun 30 2017 12:53:03 GMT+0100 (BST) AuthenticationError: Permission denied, try logging in
undefined
Fri Jun 30 2017 12:53:03 GMT+0100 (BST) GET/language/d02e2092-0fb5-4d26-98a0-bfe879d379f8
Fri Jun 30 2017 12:53:03 GMT+0100 (BST) ReferenceError: html is not defined
ReferenceError: html is not defined
    at /home/aaron/arslinguis/libs/handleRequest.js:31:26
    at _fulfilled (/home/aaron/arslinguis/node_modules/q/q.js:854:54)
    at self.promiseDispatch.done (/home/aaron/arslinguis/node_modules/q/q.js:883:30)
    at Promise.promise.promiseDispatch (/home/aaron/arslinguis/node_modules/q/q.js:816:13)
    at /home/aaron/arslinguis/node_modules/q/q.js:624:44
    at runSingle (/home/aaron/arslinguis/node_modules/q/q.js:137:13)
    at flush (/home/aaron/arslinguis/node_modules/q/q.js:125:13)
    at _combinedTickCallback (internal/process/next_tick.js:95:7)
    at process._tickCallback (internal/process/next_tick.js:161:9)
Fri Jun 30 2017 12:53:03 GMT+0100 (BST) GET/user/a0ebf328-0c73-4f22-8930-e013c17d3c2a
Fri Jun 30 2017 12:53:03 GMT+0100 (BST) GET/user/d0bc1cb3-87c2-4d9c-9dde-6a02b40e1ebe
Fri Jun 30 2017 12:53:03 GMT+0100 (BST) GET/user
Fri Jun 30 2017 13:08:48 GMT+0100 (BST) Bound to 8888
Fri Jun 30 2017 13:08:48 GMT+0100 (BST) AuthenticationError: Permission denied, try logging in
undefined
Fri Jun 30 2017 13:08:48 GMT+0100 (BST) GET/language/d02e2092-0fb5-4d26-98a0-bfe879d379f8
Fri Jun 30 2017 13:08:48 GMT+0100 (BST) GET/language/d02e2092-0fb5-4d26-98a0-bfe879d379f8
Fri Jun 30 2017 13:08:48 GMT+0100 (BST) GET/user/a0ebf328-0c73-4f22-8930-e013c17d3c2a
Fri Jun 30 2017 13:08:48 GMT+0100 (BST) GET/user/d0bc1cb3-87c2-4d9c-9dde-6a02b40e1ebe
Fri Jun 30 2017 13:08:48 GMT+0100 (BST) GET/user
Fri Jun 30 2017 13:10:51 GMT+0100 (BST) Bound to 8888
Fri Jun 30 2017 13:10:51 GMT+0100 (BST) GET/language/d02e2092-0fb5-4d26-98a0-bfe879d379f8
Fri Jun 30 2017 13:10:51 GMT+0100 (BST) AuthenticationError: Permission denied, try logging in
undefined
Fri Jun 30 2017 13:10:51 GMT+0100 (BST) GET/language/d02e2092-0fb5-4d26-98a0-bfe879d379f8
Fri Jun 30 2017 13:10:51 GMT+0100 (BST) GET/user/a0ebf328-0c73-4f22-8930-e013c17d3c2a
Fri Jun 30 2017 13:10:51 GMT+0100 (BST) GET/user/d0bc1cb3-87c2-4d9c-9dde-6a02b40e1ebe
Fri Jun 30 2017 13:10:51 GMT+0100 (BST) GET/user
Fri Jun 30 2017 13:14:34 GMT+0100 (BST) Bound to 8888
Fri Jun 30 2017 13:14:34 GMT+0100 (BST) GET/language/d02e2092-0fb5-4d26-98a0-bfe879d379f8
Fri Jun 30 2017 13:14:34 GMT+0100 (BST) AuthenticationError: Permission denied, try logging in
undefined
Fri Jun 30 2017 13:14:34 GMT+0100 (BST) GET/language/d02e2092-0fb5-4d26-98a0-bfe879d379f8
Fri Jun 30 2017 13:14:35 GMT+0100 (BST) GET/user/a0ebf328-0c73-4f22-8930-e013c17d3c2a
Fri Jun 30 2017 13:14:35 GMT+0100 (BST) GET/user/d0bc1cb3-87c2-4d9c-9dde-6a02b40e1ebe
Fri Jun 30 2017 13:14:35 GMT+0100 (BST) GET/user
Fri Jun 30 2017 13:14:35 GMT+0100 (BST) GET/user/d0bc1cb3-87c2-4d9c-9dde-6a02b40e1ebe
Fri Jun 30 2017 15:21:18 GMT+0100 (BST) Bound to 8888
Fri Jun 30 2017 15:21:18 GMT+0100 (BST) GET/language/d02e2092-0fb5-4d26-98a0-bfe879d379f8
Fri Jun 30 2017 15:21:18 GMT+0100 (BST) AuthenticationError: Permission denied, try logging in
undefined
Fri Jun 30 2017 15:21:18 GMT+0100 (BST) GET/language/d02e2092-0fb5-4d26-98a0-bfe879d379f8
Fri Jun 30 2017 15:21:18 GMT+0100 (BST) GET/user/d0bc1cb3-87c2-4d9c-9dde-6a02b40e1ebe
Fri Jun 30 2017 15:21:18 GMT+0100 (BST) Error: Cannot find module 'ejs'
Error: Cannot find module 'ejs'
    at Function.Module._resolveFilename (module.js:485:15)
    at Function.Module._load (module.js:437:25)
    at Module.require (module.js:513:17)
    at require (internal/module.js:11:18)
    at new View (/home/aaron/arslinguis/node_modules/express/lib/view.js:80:30)
    at Function.render (/home/aaron/arslinguis/node_modules/express/lib/application.js:570:12)
    at ServerResponse.render (/home/aaron/arslinguis/node_modules/express/lib/response.js:971:7)
    at /home/aaron/arslinguis/libs/handleRequest.js:34:20
    at _fulfilled (/home/aaron/arslinguis/node_modules/q/q.js:854:54)
    at self.promiseDispatch.done (/home/aaron/arslinguis/node_modules/q/q.js:883:30)
    at Promise.promise.promiseDispatch (/home/aaron/arslinguis/node_modules/q/q.js:816:13)
    at /home/aaron/arslinguis/node_modules/q/q.js:624:44
    at runSingle (/home/aaron/arslinguis/node_modules/q/q.js:137:13)
    at flush (/home/aaron/arslinguis/node_modules/q/q.js:125:13)
    at _combinedTickCallback (internal/process/next_tick.js:95:7)
    at process._tickCallback (internal/process/next_tick.js:161:9)
Fri Jun 30 2017 15:21:18 GMT+0100 (BST) GET/user/a0ebf328-0c73-4f22-8930-e013c17d3c2a
Fri Jun 30 2017 15:21:18 GMT+0100 (BST) GET/user/d0bc1cb3-87c2-4d9c-9dde-6a02b40e1ebe
Fri Jun 30 2017 15:21:18 GMT+0100 (BST) GET/user
Fri Jun 30 2017 15:24:03 GMT+0100 (BST) Bound to 8888
Fri Jun 30 2017 15:24:03 GMT+0100 (BST) AuthenticationError: Permission denied, try logging in
undefined
Fri Jun 30 2017 15:24:03 GMT+0100 (BST) GET/language/d02e2092-0fb5-4d26-98a0-bfe879d379f8
Fri Jun 30 2017 15:24:03 GMT+0100 (BST) GET/language/d02e2092-0fb5-4d26-98a0-bfe879d379f8
Fri Jun 30 2017 15:24:03 GMT+0100 (BST) GET/user/d0bc1cb3-87c2-4d9c-9dde-6a02b40e1ebe
Fri Jun 30 2017 15:24:04 GMT+0100 (BST) GET/user/a0ebf328-0c73-4f22-8930-e013c17d3c2a
Fri Jun 30 2017 15:24:04 GMT+0100 (BST) GET/user/d0bc1cb3-87c2-4d9c-9dde-6a02b40e1ebe
Fri Jun 30 2017 15:24:04 GMT+0100 (BST) GET/user
Fri Jun 30 2017 15:26:13 GMT+0100 (BST) Bound to 8888
Fri Jun 30 2017 15:26:13 GMT+0100 (BST) GET/language/d02e2092-0fb5-4d26-98a0-bfe879d379f8
Fri Jun 30 2017 15:26:13 GMT+0100 (BST) AuthenticationError: Permission denied, try logging in
undefined
Fri Jun 30 2017 15:26:13 GMT+0100 (BST) GET/language/d02e2092-0fb5-4d26-98a0-bfe879d379f8
Fri Jun 30 2017 15:26:13 GMT+0100 (BST) GET/user/d0bc1cb3-87c2-4d9c-9dde-6a02b40e1ebe
Fri Jun 30 2017 15:26:13 GMT+0100 (BST) GET/user/a0ebf328-0c73-4f22-8930-e013c17d3c2a
Fri Jun 30 2017 15:26:13 GMT+0100 (BST) GET/user/d0bc1cb3-87c2-4d9c-9dde-6a02b40e1ebe
Fri Jun 30 2017 15:26:13 GMT+0100 (BST) GET/user
